#-----------------------------------------------------------
# Vivado v2020.2 (64-bit)
# SW Build 3064766 on Wed Nov 18 09:12:45 MST 2020
# IP Build 3064653 on Wed Nov 18 14:17:31 MST 2020
# Start of session at: Tue Apr 27 18:23:04 2021
# Process ID: 9356
# Current directory: D:/VUT/2020-2021_Letni_semestr/BPC-DE1/projekt-DE1-2021/Rozboud-time_trip+speed_avg/time_trip-speed_avg
# Command line: vivado.exe -gui_launcher_event rodinguilauncherevent4716 D:\VUT\2020-2021_Letni_semestr\BPC-DE1\projekt-DE1-2021\Rozboud-time_trip+speed_avg\time_trip-speed_avg\time_trip-speed_avg.xpr
# Log file: D:/VUT/2020-2021_Letni_semestr/BPC-DE1/projekt-DE1-2021/Rozboud-time_trip+speed_avg/time_trip-speed_avg/vivado.log
# Journal file: D:/VUT/2020-2021_Letni_semestr/BPC-DE1/projekt-DE1-2021/Rozboud-time_trip+speed_avg/time_trip-speed_avg\vivado.jou
#-----------------------------------------------------------
start_gui
open_project D:/VUT/2020-2021_Letni_semestr/BPC-DE1/projekt-DE1-2021/Rozboud-time_trip+speed_avg/time_trip-speed_avg/time_trip-speed_avg.xpr
INFO: [ProjectBase 1-489] The host OS only allows 260 characters in a normal path. The project is stored in a path with more than 80 characters. If you experience issues with IP, Block Designs, or files not being found, please consider moving the project to a location with a shorter path. Alternately consider using the OS subst command to map part of the path to a drive letter.
Current project path is 'D:/VUT/2020-2021_Letni_semestr/BPC-DE1/projekt-DE1-2021/Rozboud-time_trip+speed_avg/time_trip-speed_avg'
WARNING: [filemgmt 56-3] Default IP Output Path : Could not find the directory 'D:/VUT/2020-2021_Letni_semestr/BPC-DE1/projekt-DE1-2021/Rozboud-time_trip+speed_avg/time_trip-speed_avg/time_trip-speed_avg.gen/sources_1'.
Scanning sources...
Finished scanning sources
INFO: [IP_Flow 19-234] Refreshing IP repositories
INFO: [IP_Flow 19-1704] No user IP repositories specified
INFO: [IP_Flow 19-2313] Loaded Vivado IP repository 'D:/Programs/Xilinx/Vivado/2020.2/data/ip'.
open_project: Time (s): cpu = 00:00:24 ; elapsed = 00:00:10 . Memory (MB): peak = 1019.016 ; gain = 0.000
update_compile_order -fileset sources_1
