#
# A fatal error has been detected by the Java Runtime Environment:
#
#  EXCEPTION_ACCESS_VIOLATION (0xc0000005) at pc=0x00007ffe0aa31049, pid=2844, tid=18928
#
# JRE version: OpenJDK Runtime Environment (11.0.2+9) (build 11.0.2+9)
# Java VM: OpenJDK 64-Bit Server VM (11.0.2+9, mixed mode, tiered, compressed oops, g1 gc, windows-amd64)
# Problematic frame:
# C  0x00007ffe0aa31049
#
# No core dump will be written. Minidumps are not enabled by default on client versions of Windows
#
# If you would like to submit a bug report, please visit:
#   http://bugreport.java.com/bugreport/crash.jsp
# The crash happened outside the Java Virtual Machine in native code.
# See problematic frame for where to report the bug.
#

---------------  S U M M A R Y ------------

Command Line: -Dsun.java2d.pmoffscreen=false -Dhttps.protocols=TLSv1,TLSv1.1,TLSv1.2 -Dsun.java2d.xrender=false -Dsun.java2d.d3d=false -Dsun.awt.nopixfmt=true -Dsun.java2d.dpiaware=true -Dsun.java2d.uiScale.enabled=false -Xverify:none -Dswing.aatext=true -XX:-UsePerfData -Djdk.map.althashing.threshold=512 -XX:StringTableSize=4072 --add-opens=java.base/java.nio=ALL-UNNAMED --add-opens=java.desktop/sun.swing=ALL-UNNAMED --add-opens=java.desktop/javax.swing=ALL-UNNAMED --add-opens=java.desktop/javax.swing.tree=ALL-UNNAMED --add-opens=java.desktop/javax.swing.plaf.basic=ALL-UNNAMED --add-opens=java.desktop/javax.swing.plaf.synth=ALL-UNNAMED --add-opens=java.desktop/com.sun.awt=ALL-UNNAMED -XX:NewSize=60m -XX:MaxNewSize=60m -Xms128m -Xmx3072m -Xss5m 

Host: Intel(R) Core(TM) i7-10700K CPU @ 3.80GHz, 16 cores, 31G,  Windows 10 , 64 bit Build 19041 (10.0.19041.928)
Time: Tue May  4 10:44:21 2021 Støední Evropa (letní èas) elapsed time: 227 seconds (0d 0h 3m 47s)

---------------  T H R E A D  ---------------

Current thread (0x0000025380a71000):  JavaThread "AWT-EventQueue-0" [_thread_in_native, id=18928, stack(0x000000d57b500000,0x000000d57ba00000)]

Stack: [0x000000d57b500000,0x000000d57ba00000],  sp=0x000000d57b9f3ca0,  free space=5071k
Native frames: (J=compiled Java code, j=interpreted, Vv=VM code, C=native code)
C  0x00007ffe0aa31049
C  0x00007ffe0aa42487
C  0x00007ffe0aa437c2
C  0x00007ffe0aa2a485
C  0x00007ffe12b784b4
C  0x00007ffe12b98e72
C  0x00007ffe12c334f5
C  0x00007ffe12c33419
C  0x00007ffe12c64ce1
C  0x00007ffe12c62426
C  0x00007ffe12cbe2c1
C  0x00007ffe12cc03b3
C  0x00007ffe12c9936d
C  0x00007ffe12c993d8
C  0x00007ffe12c99481
C  0x00007ffe12cbf59c
C  0x00007ffe12c906e5
C  0x00007ffe12c90375
C  0x00007ffe12ccd00f
C  0x000002538ddaf0b7

Java frames: (J=compiled Java code, j=interpreted, Vv=VM code)
j  ui.views.waveform.waveformi.WVExecutive_getGraphicsDataSize(J)J+0
j  ui.views.waveform.executive.a.klK()Ljava/io/ByteArrayInputStream;+8
j  ui.views.waveform.b.a.klh()V+7
j  ui.views.waveform.b.a.jty()V+1
j  ui.views.waveform.m.kkr()V+4
j  ui.views.waveform.m.Ii(Z)V+11
j  ui.views.waveform.w.aH(ZZ)V+30
j  ui.views.waveform.c.b.j(Lui/frmwork/a/l;)V+94
j  ui.views.waveform.w.handleTclEvent(Lui/frmwork/a/l;)V+13
J 16429 c1 ui.frmwork.a.o.c(Lui/frmwork/a/l;)V (61 bytes) @ 0x000002538eaea00c [0x000002538eae9660+0x00000000000009ac]
J 16411 c1 ui.frmwork.E.i(JZ)V (471 bytes) @ 0x000002538f64cfbc [0x000002538f648e40+0x000000000000417c]
J 16412 c1 ui.frmwork.E.fireTclEvent(J)I (113 bytes) @ 0x000002538ef9c414 [0x000002538ef9bc40+0x00000000000007d4]
v  ~StubRoutines::call_stub
j  ui.views.waveform.waveformi.WVExecutive_processModelEvent(JJ)V+0
j  ui.views.waveform.executive.a.gb(J)V+5
j  ui.views.waveform.c.b.ga(J)V+8
j  ui.views.waveform.c.b.j(Lui/frmwork/a/l;)V+127
j  ui.views.waveform.w.handleTclEvent(Lui/frmwork/a/l;)V+13
J 16429 c1 ui.frmwork.a.o.c(Lui/frmwork/a/l;)V (61 bytes) @ 0x000002538eaea00c [0x000002538eae9660+0x00000000000009ac]
J 16411 c1 ui.frmwork.E.i(JZ)V (471 bytes) @ 0x000002538f64cfbc [0x000002538f648e40+0x000000000000417c]
j  ui.frmwork.E.dQ(J)V+3
j  ui.frmwork.E$$Lambda$203.run()V+8
J 15685 c2 java.awt.event.InvocationEvent.dispatch()V java.desktop@11.0.2 (69 bytes) @ 0x000002539672b1ac [0x000002539672afc0+0x00000000000001ec]
J 15292 c2 java.awt.EventQueue$4.run()Ljava/lang/Object; java.desktop@11.0.2 (5 bytes) @ 0x000002539669151c [0x0000025396691460+0x00000000000000bc]
v  ~StubRoutines::call_stub
J 4646  java.security.AccessController.doPrivileged(Ljava/security/PrivilegedAction;Ljava/security/AccessControlContext;)Ljava/lang/Object; java.base@11.0.2 (0 bytes) @ 0x0000025395bd95b6 [0x0000025395bd9540+0x0000000000000076]
J 14887 c2 ui.frmwork.a.d.dispatchEvent(Ljava/awt/AWTEvent;)V (42 bytes) @ 0x00000253965c0ae0 [0x00000253965c0460+0x0000000000000680]
J 16572 c2 java.awt.EventDispatchThread.pumpOneEventForFilters(I)V java.desktop@11.0.2 (113 bytes) @ 0x0000025396155b58 [0x0000025396154de0+0x0000000000000d78]
j  java.awt.EventDispatchThread.pumpEventsForFilter(ILjava/awt/Conditional;Ljava/awt/EventFilter;)V+35 java.desktop@11.0.2
j  java.awt.EventDispatchThread.pumpEventsForFilter(Ljava/awt/Conditional;Ljava/awt/EventFilter;)V+4 java.desktop@11.0.2
j  java.awt.WaitDispatchSupport$2.run()V+59 java.desktop@11.0.2
j  java.awt.WaitDispatchSupport$4.run()Ljava/lang/Void;+4 java.desktop@11.0.2
j  java.awt.WaitDispatchSupport$4.run()Ljava/lang/Object;+1 java.desktop@11.0.2
v  ~StubRoutines::call_stub
J 1091  java.security.AccessController.doPrivileged(Ljava/security/PrivilegedAction;)Ljava/lang/Object; java.base@11.0.2 (0 bytes) @ 0x0000025395998fa2 [0x0000025395998f40+0x0000000000000062]
j  java.awt.WaitDispatchSupport.enter()Z+260 java.desktop@11.0.2
j  java.awt.Dialog.show()V+224 java.desktop@11.0.2
J 10048 c1 java.awt.Component.setVisible(Z)V java.desktop@11.0.2 (6 bytes) @ 0x000002538f1d14e4 [0x000002538f1d12e0+0x0000000000000204]
j  java.awt.Window.setVisible(Z)V+2 java.desktop@11.0.2
j  java.awt.Dialog.setVisible(Z)V+2 java.desktop@11.0.2
j  ui.dlg.c.g.setVisible(Z)V+2
j  ui.dlg.c.bz.bIi()V+64
j  ui.dlg.c.bI.actionPerformed(Ljava/awt/event/ActionEvent;)V+8
j  ui.dlg.c.bz.fud()V+388
j  ui.views.c.t.b.a.run()V+60
j  ui.frmwork.cmd.a.hsT()Z+66
j  ui.frmwork.cmd.d.htb()V+42
j  ui.bm.actionPerformed(Ljava/awt/event/ActionEvent;)V+25
j  javax.swing.AbstractButton.fireActionPerformed(Ljava/awt/event/ActionEvent;)V+83 java.desktop@11.0.2
j  ui.utils.swing.b.E.fireActionPerformed(Ljava/awt/event/ActionEvent;)V+7
j  javax.swing.AbstractButton$Handler.actionPerformed(Ljava/awt/event/ActionEvent;)V+5 java.desktop@11.0.2
j  javax.swing.DefaultButtonModel.fireActionPerformed(Ljava/awt/event/ActionEvent;)V+34 java.desktop@11.0.2
j  javax.swing.DefaultButtonModel.setPressed(Z)V+117 java.desktop@11.0.2
j  javax.swing.plaf.basic.BasicButtonListener.mouseReleased(Ljava/awt/event/MouseEvent;)V+35 java.desktop@11.0.2
j  com.jidesoft.plaf.basic.BasicJideButtonListener.mouseReleased(Ljava/awt/event/MouseEvent;)V+61
j  java.awt.AWTEventMulticaster.mouseReleased(Ljava/awt/event/MouseEvent;)V+8 java.desktop@11.0.2
j  java.awt.AWTEventMulticaster.mouseReleased(Ljava/awt/event/MouseEvent;)V+8 java.desktop@11.0.2
j  java.awt.AWTEventMulticaster.mouseReleased(Ljava/awt/event/MouseEvent;)V+8 java.desktop@11.0.2
j  java.awt.AWTEventMulticaster.mouseReleased(Ljava/awt/event/MouseEvent;)V+8 java.desktop@11.0.2
J 16717 c1 java.awt.Component.processMouseEvent(Ljava/awt/event/MouseEvent;)V java.desktop@11.0.2 (100 bytes) @ 0x000002538f58003c [0x000002538f57fbc0+0x000000000000047c]
J 16718 c1 javax.swing.JComponent.processMouseEvent(Ljava/awt/event/MouseEvent;)V java.desktop@11.0.2 (27 bytes) @ 0x000002538f5846f4 [0x000002538f5844e0+0x0000000000000214]
J 14517 c2 java.awt.Container.processEvent(Ljava/awt/AWTEvent;)V java.desktop@11.0.2 (22 bytes) @ 0x0000025396538f54 [0x0000025396538e20+0x0000000000000134]
J 21135 c2 java.awt.Component.dispatchEventImpl(Ljava/awt/AWTEvent;)V java.desktop@11.0.2 (777 bytes) @ 0x0000025396ce4cd0 [0x0000025396ce4500+0x00000000000007d0]
J 19676 c2 java.awt.Container.dispatchEventImpl(Ljava/awt/AWTEvent;)V java.desktop@11.0.2 (129 bytes) @ 0x0000025396ae55f8 [0x0000025396ae55a0+0x0000000000000058]
J 15064 c2 java.awt.LightweightDispatcher.retargetMouseEvent(Ljava/awt/Component;ILjava/awt/event/MouseEvent;)V java.desktop@11.0.2 (372 bytes) @ 0x0000025396622264 [0x0000025396621ce0+0x0000000000000584]
J 19676 c2 java.awt.Container.dispatchEventImpl(Ljava/awt/AWTEvent;)V java.desktop@11.0.2 (129 bytes) @ 0x0000025396ae61e4 [0x0000025396ae55a0+0x0000000000000c44]
J 20474 c2 java.awt.Window.dispatchEventImpl(Ljava/awt/AWTEvent;)V java.desktop@11.0.2 (23 bytes) @ 0x00000253966cfc0c [0x00000253966cfbc0+0x000000000000004c]
J 15292 c2 java.awt.EventQueue$4.run()Ljava/lang/Object; java.desktop@11.0.2 (5 bytes) @ 0x00000253966915b0 [0x0000025396691460+0x0000000000000150]
v  ~StubRoutines::call_stub
J 4646  java.security.AccessController.doPrivileged(Ljava/security/PrivilegedAction;Ljava/security/AccessControlContext;)Ljava/lang/Object; java.base@11.0.2 (0 bytes) @ 0x0000025395bd95b6 [0x0000025395bd9540+0x0000000000000076]
J 18810 c2 java.awt.EventQueue$5.run()Ljava/lang/Object; java.desktop@11.0.2 (5 bytes) @ 0x0000025396a526bc [0x0000025396a52460+0x000000000000025c]
v  ~StubRoutines::call_stub
J 4646  java.security.AccessController.doPrivileged(Ljava/security/PrivilegedAction;Ljava/security/AccessControlContext;)Ljava/lang/Object; java.base@11.0.2 (0 bytes) @ 0x0000025395bd95b6 [0x0000025395bd9540+0x0000000000000076]
J 14887 c2 ui.frmwork.a.d.dispatchEvent(Ljava/awt/AWTEvent;)V (42 bytes) @ 0x00000253965c08dc [0x00000253965c0460+0x000000000000047c]
J 16572 c2 java.awt.EventDispatchThread.pumpOneEventForFilters(I)V java.desktop@11.0.2 (113 bytes) @ 0x0000025396155b58 [0x0000025396154de0+0x0000000000000d78]
j  java.awt.EventDispatchThread.pumpEventsForFilter(ILjava/awt/Conditional;Ljava/awt/EventFilter;)V+35 java.desktop@11.0.2
j  java.awt.EventDispatchThread.pumpEventsForHierarchy(ILjava/awt/Conditional;Ljava/awt/Component;)V+11 java.desktop@11.0.2
j  java.awt.EventDispatchThread.pumpEvents(ILjava/awt/Conditional;)V+4 java.desktop@11.0.2
j  java.awt.EventDispatchThread.pumpEvents(Ljava/awt/Conditional;)V+3 java.desktop@11.0.2
j  java.awt.EventDispatchThread.run()V+9 java.desktop@11.0.2
v  ~StubRoutines::call_stub

siginfo: EXCEPTION_ACCESS_VIOLATION (0xc0000005), reading address 0x0000000000000044


Register to memory mapping:

RIP=0x00007ffe0aa31049 points into unknown readable memory: 83 79 44 00 75 07 33
RAX=0x0000475b7f60d449 is an unknown value
RBX=0x00000253b1234d40 points into unknown readable memory: e0 48 23 b1 53 02 00 00
RCX=0x0 is NULL
RDX=0x00000253af248b90 points into unknown readable memory: c0 4b a5 0a fe 7f 00 00
RSP=0x000000d57b9f3ca0 is pointing into the stack for thread: 0x0000025380a71000
RBP=0x0 is NULL
RSI=0x00000253af248b90 points into unknown readable memory: c0 4b a5 0a fe 7f 00 00
RDI=0x0 is NULL
R8 =0x000000d57b9f3d30 is pointing into the stack for thread: 0x0000025380a71000
R9 =0x0000000000000018 is an unknown value
R10=0x0 is NULL
R11=0x1e83000000000000 is an unknown value
R12=0x0000000000000001 is an unknown value
R13=0x00007ffe0aa58e50 points into unknown readable memory: d0 2f a3 0a fe 7f 00 00
R14=0x00000253a7decae0 points into unknown readable memory: 90 8b 24 af 53 02 00 00
R15=0x000000d57b9f3d30 is pointing into the stack for thread: 0x0000025380a71000


Registers:
RAX=0x0000475b7f60d449, RBX=0x00000253b1234d40, RCX=0x0000000000000000, RDX=0x00000253af248b90
RSP=0x000000d57b9f3ca0, RBP=0x0000000000000000, RSI=0x00000253af248b90, RDI=0x0000000000000000
R8 =0x000000d57b9f3d30, R9 =0x0000000000000018, R10=0x0000000000000000, R11=0x1e83000000000000
R12=0x0000000000000001, R13=0x00007ffe0aa58e50, R14=0x00000253a7decae0, R15=0x000000d57b9f3d30
RIP=0x00007ffe0aa31049, EFLAGS=0x0000000000010206

Top of Stack: (sp=0x000000d57b9f3ca0)
0x000000d57b9f3ca0:   0000000000000001 000000d57b9f3f48
0x000000d57b9f3cb0:   000000d57b9f3d81 00007ffed210ecbe
0x000000d57b9f3cc0:   0000000000000002 00007ffee98a07b0
0x000000d57b9f3cd0:   fffffffffffffffe 000000d57b9f4070
0x000000d57b9f3ce0:   000000d57b9f4110 000000d57b9f46b0
0x000000d57b9f3cf0:   00000253b3facd30 00000253a7decae0
0x000000d57b9f3d00:   00000253a7decae0 00007ffe0aa42487
0x000000d57b9f3d10:   00007ffed21042c0 00000253b1234d40
0x000000d57b9f3d20:   00000253aac99890 0000000000000001
0x000000d57b9f3d30:   000000d57b9f4820 00007ffe12e89920
0x000000d57b9f3d40:   000000d57b9f5070 0000000000000000
0x000000d57b9f3d50:   0000000019930520 0000000000000000
0x000000d57b9f3d60:   0000000000000000 0000000000000000
0x000000d57b9f3d70:   0000000000000000 0000000000000000
0x000000d57b9f3d80:   0000000000000000 000000d57b9f52e0
0x000000d57b9f3d90:   000005a72073309b 00007ffe12e89920 

Instructions: (pc=0x00007ffe0aa31049)
0x00007ffe0aa31029:   50 48 c7 44 24 30 fe ff ff ff 48 89 5c 24 78 48
0x00007ffe0aa31039:   89 b4 24 80 00 00 00 4d 8b f8 48 8b f2 48 8b f9
0x00007ffe0aa31049:   83 79 44 00 75 07 33 c0 e9 d1 00 00 00 48 8b 41
0x00007ffe0aa31059:   48 8b 10 48 03 51 28 48 8d 4c 24 38 e8 66 eb ff 


Stack slot to memory mapping:
stack at sp + 0 slots: 0x0000000000000001 is an unknown value
stack at sp + 1 slots: 0x000000d57b9f3f48 is pointing into the stack for thread: 0x0000025380a71000
stack at sp + 2 slots: 0x000000d57b9f3d81 is pointing into the stack for thread: 0x0000025380a71000
stack at sp + 3 slots: 0x00007ffed210ecbe VCRUNTIME140.dll
stack at sp + 4 slots: 0x0000000000000002 is an unknown value
stack at sp + 5 slots: 0x00007ffee98a07b0 ntdll.dll
stack at sp + 6 slots: 0xfffffffffffffffe is an unknown value
stack at sp + 7 slots: 0x000000d57b9f4070 is pointing into the stack for thread: 0x0000025380a71000


---------------  P R O C E S S  ---------------

Threads class SMR info:
_java_thread_list=0x00000253b1324820, length=34, elements={
0x0000025381620800, 0x00000253f253c000, 0x0000025381591000, 0x00000253f28d7000,
0x00000253f2400800, 0x00000253f2401000, 0x0000025381546800, 0x0000025383470800,
0x0000025380adc000, 0x0000025380b13800, 0x0000025380d3e000, 0x00000253a77b3800,
0x00000253a7747800, 0x00000253a7897800, 0x0000025380a71000, 0x00000253aa674800,
0x00000253a7b08000, 0x00000253aa35b800, 0x00000253aa269000, 0x00000253aa26a800,
0x00000253aa26c000, 0x00000253aa26e000, 0x00000253ac9e6000, 0x00000253ac9e7800,
0x00000253ac9e8800, 0x00000253ac9eb000, 0x00000253ac9e5000, 0x00000253ac9ef800,
0x00000253ac9f0800, 0x00000253ac9ea000, 0x00000253aa268000, 0x00000253ac9f2000,
0x00000253ac9ec800, 0x00000253b5bf7000
}

Java Threads: ( => current thread )
  0x0000025381620800 JavaThread "main" [_thread_blocked, id=692, stack(0x000000d576b00000,0x000000d576c00000)]
  0x00000253f253c000 JavaThread "Reference Handler" daemon [_thread_blocked, id=15020, stack(0x000000d577200000,0x000000d577700000)]
  0x0000025381591000 JavaThread "Finalizer" daemon [_thread_blocked, id=17800, stack(0x000000d577700000,0x000000d577c00000)]
  0x00000253f28d7000 JavaThread "Signal Dispatcher" daemon [_thread_blocked, id=16480, stack(0x000000d577c00000,0x000000d578100000)]
  0x00000253f2400800 JavaThread "Attach Listener" daemon [_thread_blocked, id=13272, stack(0x000000d578100000,0x000000d578600000)]
  0x00000253f2401000 JavaThread "C2 CompilerThread0" daemon [_thread_blocked, id=14128, stack(0x000000d578600000,0x000000d578700000)]
  0x0000025381546800 JavaThread "C1 CompilerThread0" daemon [_thread_blocked, id=2400, stack(0x000000d578700000,0x000000d578800000)]
  0x0000025383470800 JavaThread "Sweeper thread" daemon [_thread_blocked, id=10828, stack(0x000000d578800000,0x000000d578d00000)]
  0x0000025380adc000 JavaThread "Common-Cleaner" daemon [_thread_blocked, id=12156, stack(0x000000d579100000,0x000000d579600000)]
  0x0000025380b13800 JavaThread "Service Thread" daemon [_thread_blocked, id=19584, stack(0x000000d579600000,0x000000d579b00000)]
  0x0000025380d3e000 JavaThread "Java2D Disposer" daemon [_thread_blocked, id=16396, stack(0x000000d579c00000,0x000000d57a100000)]
  0x00000253a77b3800 JavaThread "AWT-Windows" daemon [_thread_in_native, id=10528, stack(0x000000d57a600000,0x000000d57ab00000)]
  0x00000253a7747800 JavaThread "TimerQueue" daemon [_thread_blocked, id=6292, stack(0x000000d57a100000,0x000000d57a600000)]
  0x00000253a7897800 JavaThread "AWT-Shutdown" [_thread_blocked, id=14972, stack(0x000000d57b000000,0x000000d57b500000)]
=>0x0000025380a71000 JavaThread "AWT-EventQueue-0" [_thread_in_native, id=18928, stack(0x000000d57b500000,0x000000d57ba00000)]
  0x00000253aa674800 JavaThread "Thread-1" [_thread_in_native, id=10668, stack(0x000000d575500000,0x000000d576900000)]
  0x00000253a7b08000 JavaThread "Process Messages Thread" [_thread_blocked, id=16144, stack(0x000000d57c500000,0x000000d57ca00000)]
  0x00000253aa35b800 JavaThread "Batik CleanerThread" daemon [_thread_blocked, id=5864, stack(0x000000d57ca00000,0x000000d57cf00000)]
  0x00000253aa269000 JavaThread "SyntheticaCleanerThread" daemon [_thread_blocked, id=4408, stack(0x000000d57db00000,0x000000d57e000000)]
  0x00000253aa26a800 JavaThread "Monitor HEventQueue Thread" [_thread_blocked, id=1508, stack(0x000000d57e100000,0x000000d57e600000)]
  0x00000253aa26c000 JavaThread "SyntheticaAnimation 50" daemon [_thread_blocked, id=7824, stack(0x000000d57e600000,0x000000d57eb00000)]
  0x00000253aa26e000 JavaThread "SyntheticaAnimation 25" daemon [_thread_blocked, id=13468, stack(0x000000d57ee00000,0x000000d57f300000)]
  0x00000253ac9e6000 JavaThread "SyntheticaAnimation 70" daemon [_thread_blocked, id=13756, stack(0x000000d57f800000,0x000000d57fd00000)]
  0x00000253ac9e7800 JavaThread "Refresh Filesets Swing Worker Thread" [_thread_blocked, id=11356, stack(0x000000d500000000,0x000000d500500000)]
  0x00000253ac9e8800 JavaThread "hw_ila_monitor" [_thread_blocked, id=4576, stack(0x000000d500500000,0x000000d500a00000)]
  0x00000253ac9eb000 JavaThread "pool-1-thread-1" [_thread_blocked, id=2700, stack(0x000000d501a00000,0x000000d501f00000)]
  0x00000253ac9e5000 JavaThread "pool-2-thread-1" [_thread_blocked, id=18576, stack(0x000000d501f00000,0x000000d502400000)]
  0x00000253ac9ef800 JavaThread "pool-3-thread-1" [_thread_blocked, id=15584, stack(0x000000d502400000,0x000000d502900000)]
  0x00000253ac9f0800 JavaThread "Update Runs Swing Worker Thread" [_thread_blocked, id=1760, stack(0x000000d502900000,0x000000d502e00000)]
  0x00000253ac9ea000 JavaThread "Image Animator 3" daemon [_thread_blocked, id=13736, stack(0x000000d500a00000,0x000000d500f00000)]
  0x00000253aa268000 JavaThread "SyntheticaAnimation 50" daemon [_thread_blocked, id=12544, stack(0x000000d503400000,0x000000d503900000)]
  0x00000253ac9f2000 JavaThread "Timer-1" [_thread_blocked, id=8992, stack(0x000000d503900000,0x000000d503e00000)]
  0x00000253ac9ec800 JavaThread "Monitor File Timestamp Swing Worker Thread" [_thread_blocked, id=2608, stack(0x000000d503e00000,0x000000d504300000)]
  0x00000253b5bf7000 JavaThread "Relaunch Simulation Thread" [_thread_blocked, id=6392, stack(0x000000d502e00000,0x000000d503300000)]

Other Threads:
  0x00000253f253b800 VMThread "VM Thread" [stack: 0x000000d577100000,0x000000d577200000] [id=3336]
  0x0000025380b14800 WatcherThread [stack: 0x000000d579b00000,0x000000d579c00000] [id=12292]
  0x0000025381621000 GCTaskThread "GC Thread#0" [stack: 0x000000d576c00000,0x000000d576d00000] [id=14328]
  0x00000253ec258800 GCTaskThread "GC Thread#1" [stack: 0x000000d579000000,0x000000d579100000] [id=10620]
  0x00000253a7c21800 GCTaskThread "GC Thread#2" [stack: 0x000000d57bf00000,0x000000d57c000000] [id=10876]
  0x00000253a7c22000 GCTaskThread "GC Thread#3" [stack: 0x000000d57c000000,0x000000d57c100000] [id=18532]
  0x00000253a7988800 GCTaskThread "GC Thread#4" [stack: 0x000000d57c100000,0x000000d57c200000] [id=13008]
  0x00000253a7989800 GCTaskThread "GC Thread#5" [stack: 0x000000d57c200000,0x000000d57c300000] [id=15560]
  0x00000253a798a000 GCTaskThread "GC Thread#6" [stack: 0x000000d57c300000,0x000000d57c400000] [id=16500]
  0x00000253a7b71000 GCTaskThread "GC Thread#7" [stack: 0x000000d57c400000,0x000000d57c500000] [id=18824]
  0x00000253aa2a6000 GCTaskThread "GC Thread#8" [stack: 0x000000d57bb00000,0x000000d57bc00000] [id=12332]
  0x00000253aa1b5000 GCTaskThread "GC Thread#9" [stack: 0x000000d57bc00000,0x000000d57bd00000] [id=15540]
  0x00000253b0010000 GCTaskThread "GC Thread#10" [stack: 0x000000d57d800000,0x000000d57d900000] [id=13688]
  0x00000253b000f800 GCTaskThread "GC Thread#11" [stack: 0x000000d57eb00000,0x000000d57ec00000] [id=17604]
  0x00000253b0015000 GCTaskThread "GC Thread#12" [stack: 0x000000d57ec00000,0x000000d57ed00000] [id=20044]
  0x0000025385810000 ConcurrentGCThread "G1 Main Marker" [stack: 0x000000d576d00000,0x000000d576e00000] [id=8760]
  0x0000025385810800 ConcurrentGCThread "G1 Conc#0" [stack: 0x000000d576e00000,0x000000d576f00000] [id=2100]
  0x00000253aa194000 ConcurrentGCThread "G1 Conc#1" [stack: 0x000000d57bd00000,0x000000d57be00000] [id=11068]
  0x00000253a7dbb000 ConcurrentGCThread "G1 Conc#2" [stack: 0x000000d57be00000,0x000000d57bf00000] [id=17808]
  0x00000253813b9800 ConcurrentGCThread "G1 Refine#0" [stack: 0x000000d576f00000,0x000000d577000000] [id=12004]
  0x00000253aae01800 ConcurrentGCThread "G1 Refine#1" [stack: 0x000000d57cf00000,0x000000d57d000000] [id=12940]
  0x00000253850e6800 ConcurrentGCThread "G1 Young RemSet Sampling" [stack: 0x000000d577000000,0x000000d577100000] [id=12192]

Threads with active compile tasks:

VM state:not at safepoint (normal execution)

VM Mutex/Monitor currently owned by a thread: None

Heap address: 0x0000000740000000, size: 3072 MB, Compressed Oops mode: Zero based, Oop shift amount: 3
Narrow klass base: 0x0000000800000000, Narrow klass shift: 0
Compressed class space size: 1073741824 Address: 0x0000000800000000

Heap:
 garbage-first heap   total 160768K, used 139966K [0x0000000740000000, 0x0000000800000000)
  region size 1024K, 50 young (51200K), 1 survivors (1024K)
 Metaspace       used 94955K, capacity 97698K, committed 97800K, reserved 1132544K
  class space    used 13056K, capacity 14322K, committed 14336K, reserved 1048576K
Heap Regions: E=young(eden), S=young(survivor), O=old, HS=humongous(starts), HC=humongous(continues), CS=collection set, F=free, A=archive, TAMS=top-at-mark-start (previous, next)
|   0|0x0000000740000000, 0x0000000740100000, 0x0000000740100000|100%|HS|  |TAMS 0x0000000740100000, 0x0000000740000000| Complete 
|   1|0x0000000740100000, 0x0000000740200000, 0x0000000740200000|100%|HC|  |TAMS 0x0000000740200000, 0x0000000740100000| Complete 
|   2|0x0000000740200000, 0x0000000740300000, 0x0000000740300000|100%|HS|  |TAMS 0x0000000740300000, 0x0000000740200000| Complete 
|   3|0x0000000740300000, 0x00000007403ffff8, 0x0000000740400000| 99%| O|  |TAMS 0x00000007403ffff8, 0x0000000740300000| Untracked 
|   4|0x0000000740400000, 0x00000007404fffd8, 0x0000000740500000| 99%| O|  |TAMS 0x00000007404fffd8, 0x0000000740400000| Untracked 
|   5|0x0000000740500000, 0x00000007405fffe8, 0x0000000740600000| 99%| O|  |TAMS 0x00000007405fffe8, 0x0000000740500000| Untracked 
|   6|0x0000000740600000, 0x00000007406ffff8, 0x0000000740700000| 99%| O|  |TAMS 0x00000007406ffff8, 0x0000000740600000| Untracked 
|   7|0x0000000740700000, 0x00000007407ffff8, 0x0000000740800000| 99%| O|  |TAMS 0x00000007407ffff8, 0x0000000740700000| Untracked 
|   8|0x0000000740800000, 0x00000007408fffd0, 0x0000000740900000| 99%| O|  |TAMS 0x00000007408fffd0, 0x0000000740800000| Untracked 
|   9|0x0000000740900000, 0x00000007409ffff8, 0x0000000740a00000| 99%| O|  |TAMS 0x00000007409ffff8, 0x0000000740900000| Untracked 
|  10|0x0000000740a00000, 0x0000000740affff0, 0x0000000740b00000| 99%| O|  |TAMS 0x0000000740affff0, 0x0000000740a00000| Untracked 
|  11|0x0000000740b00000, 0x0000000740bffcf0, 0x0000000740c00000| 99%| O|  |TAMS 0x0000000740bffcf0, 0x0000000740b00000| Untracked 
|  12|0x0000000740c00000, 0x0000000740cfa890, 0x0000000740d00000| 97%| O|  |TAMS 0x0000000740cfa890, 0x0000000740c00000| Untracked 
|  13|0x0000000740d00000, 0x0000000740dfffe8, 0x0000000740e00000| 99%| O|  |TAMS 0x0000000740dfffe8, 0x0000000740d00000| Untracked 
|  14|0x0000000740e00000, 0x0000000740effff8, 0x0000000740f00000| 99%| O|  |TAMS 0x0000000740effff8, 0x0000000740e00000| Untracked 
|  15|0x0000000740f00000, 0x0000000740fffff8, 0x0000000741000000| 99%| O|  |TAMS 0x0000000740fffff8, 0x0000000740f00000| Untracked 
|  16|0x0000000741000000, 0x00000007410ffff0, 0x0000000741100000| 99%| O|  |TAMS 0x00000007410ffff0, 0x0000000741000000| Untracked 
|  17|0x0000000741100000, 0x0000000741200000, 0x0000000741200000|100%| O|  |TAMS 0x0000000741200000, 0x0000000741100000| Untracked 
|  18|0x0000000741200000, 0x00000007412ffff0, 0x0000000741300000| 99%| O|  |TAMS 0x00000007412ffff0, 0x0000000741200000| Untracked 
|  19|0x0000000741300000, 0x00000007413ffff8, 0x0000000741400000| 99%| O|  |TAMS 0x00000007413ffff8, 0x0000000741300000| Untracked 
|  20|0x0000000741400000, 0x00000007414ffff0, 0x0000000741500000| 99%| O|  |TAMS 0x00000007414ffff0, 0x0000000741400000| Untracked 
|  21|0x0000000741500000, 0x00000007415fffe8, 0x0000000741600000| 99%| O|  |TAMS 0x00000007415fffe8, 0x0000000741500000| Untracked 
|  22|0x0000000741600000, 0x00000007416ffff8, 0x0000000741700000| 99%| O|  |TAMS 0x00000007416ffff8, 0x0000000741600000| Untracked 
|  23|0x0000000741700000, 0x0000000741800000, 0x0000000741800000|100%| O|  |TAMS 0x0000000741800000, 0x0000000741700000| Untracked 
|  24|0x0000000741800000, 0x00000007418ffff8, 0x0000000741900000| 99%| O|  |TAMS 0x00000007418ffff8, 0x0000000741800000| Untracked 
|  25|0x0000000741900000, 0x0000000741a00000, 0x0000000741a00000|100%| O|  |TAMS 0x0000000741a00000, 0x0000000741900000| Untracked 
|  26|0x0000000741a00000, 0x0000000741affff8, 0x0000000741b00000| 99%| O|  |TAMS 0x0000000741affff8, 0x0000000741a00000| Untracked 
|  27|0x0000000741b00000, 0x0000000741c00000, 0x0000000741c00000|100%| O|  |TAMS 0x0000000741c00000, 0x0000000741b00000| Untracked 
|  28|0x0000000741c00000, 0x0000000741cffff8, 0x0000000741d00000| 99%| O|  |TAMS 0x0000000741cffff8, 0x0000000741c00000| Untracked 
|  29|0x0000000741d00000, 0x0000000741dffff0, 0x0000000741e00000| 99%| O|  |TAMS 0x0000000741dffff0, 0x0000000741d00000| Untracked 
|  30|0x0000000741e00000, 0x0000000741efffe8, 0x0000000741f00000| 99%| O|  |TAMS 0x0000000741efffe8, 0x0000000741e00000| Untracked 
|  31|0x0000000741f00000, 0x0000000742000000, 0x0000000742000000|100%| O|  |TAMS 0x0000000742000000, 0x0000000741f00000| Untracked 
|  32|0x0000000742000000, 0x00000007420ffff0, 0x0000000742100000| 99%| O|  |TAMS 0x00000007420ffff0, 0x0000000742000000| Untracked 
|  33|0x0000000742100000, 0x00000007421ffff8, 0x0000000742200000| 99%| O|  |TAMS 0x00000007421ffff8, 0x0000000742100000| Untracked 
|  34|0x0000000742200000, 0x00000007422ffff8, 0x0000000742300000| 99%| O|  |TAMS 0x00000007422ffff8, 0x0000000742200000| Untracked 
|  35|0x0000000742300000, 0x00000007423fffe8, 0x0000000742400000| 99%| O|  |TAMS 0x00000007423fffe8, 0x0000000742300000| Untracked 
|  36|0x0000000742400000, 0x0000000742500000, 0x0000000742500000|100%| O|  |TAMS 0x0000000742500000, 0x0000000742400000| Untracked 
|  37|0x0000000742500000, 0x0000000742600000, 0x0000000742600000|100%| O|  |TAMS 0x0000000742600000, 0x0000000742500000| Untracked 
|  38|0x0000000742600000, 0x00000007426fffe0, 0x0000000742700000| 99%| O|  |TAMS 0x00000007426fffe0, 0x0000000742600000| Untracked 
|  39|0x0000000742700000, 0x00000007427ffff0, 0x0000000742800000| 99%| O|  |TAMS 0x00000007427ffff0, 0x0000000742700000| Untracked 
|  40|0x0000000742800000, 0x00000007428fffb0, 0x0000000742900000| 99%| O|  |TAMS 0x00000007428fffb0, 0x0000000742800000| Untracked 
|  41|0x0000000742900000, 0x00000007429ffe00, 0x0000000742a00000| 99%| O|  |TAMS 0x00000007429ffe00, 0x0000000742900000| Untracked 
|  42|0x0000000742a00000, 0x0000000742affff8, 0x0000000742b00000| 99%| O|  |TAMS 0x0000000742affff8, 0x0000000742a00000| Untracked 
|  43|0x0000000742b00000, 0x0000000742bfffd8, 0x0000000742c00000| 99%| O|  |TAMS 0x0000000742bfffd8, 0x0000000742b00000| Untracked 
|  44|0x0000000742c00000, 0x0000000742d00000, 0x0000000742d00000|100%| O|  |TAMS 0x0000000742d00000, 0x0000000742c00000| Untracked 
|  45|0x0000000742d00000, 0x0000000742dffed0, 0x0000000742e00000| 99%| O|  |TAMS 0x0000000742dffed0, 0x0000000742d00000| Untracked 
|  46|0x0000000742e00000, 0x0000000742f00000, 0x0000000742f00000|100%| O|  |TAMS 0x0000000742f00000, 0x0000000742e00000| Untracked 
|  47|0x0000000742f00000, 0x0000000742fffff8, 0x0000000743000000| 99%| O|  |TAMS 0x0000000742fffff8, 0x0000000742f00000| Untracked 
|  48|0x0000000743000000, 0x00000007430fffe8, 0x0000000743100000| 99%| O|  |TAMS 0x00000007430fffe8, 0x0000000743000000| Untracked 
|  49|0x0000000743100000, 0x00000007431fffe0, 0x0000000743200000| 99%| O|  |TAMS 0x00000007431fffe0, 0x0000000743100000| Untracked 
|  50|0x0000000743200000, 0x00000007432fffc0, 0x0000000743300000| 99%| O|  |TAMS 0x00000007432fffc0, 0x0000000743200000| Untracked 
|  51|0x0000000743300000, 0x0000000743400000, 0x0000000743400000|100%| O|  |TAMS 0x0000000743400000, 0x0000000743300000| Untracked 
|  52|0x0000000743400000, 0x00000007434fffd8, 0x0000000743500000| 99%| O|  |TAMS 0x00000007434fffd8, 0x0000000743400000| Untracked 
|  53|0x0000000743500000, 0x00000007435fffe8, 0x0000000743600000| 99%| O|  |TAMS 0x00000007435fffe8, 0x0000000743500000| Untracked 
|  54|0x0000000743600000, 0x00000007436fffc0, 0x0000000743700000| 99%| O|  |TAMS 0x00000007436fffc0, 0x0000000743600000| Untracked 
|  55|0x0000000743700000, 0x0000000743800000, 0x0000000743800000|100%| O|  |TAMS 0x0000000743800000, 0x0000000743700000| Untracked 
|  56|0x0000000743800000, 0x00000007438ffff8, 0x0000000743900000| 99%| O|  |TAMS 0x00000007438ffff8, 0x0000000743800000| Untracked 
|  57|0x0000000743900000, 0x00000007439ffff8, 0x0000000743a00000| 99%| O|  |TAMS 0x00000007439ffff8, 0x0000000743900000| Untracked 
|  58|0x0000000743a00000, 0x0000000743afff08, 0x0000000743b00000| 99%| O|  |TAMS 0x0000000743afff08, 0x0000000743a00000| Untracked 
|  59|0x0000000743b00000, 0x0000000743bffff0, 0x0000000743c00000| 99%| O|  |TAMS 0x0000000743bffff0, 0x0000000743b00000| Untracked 
|  60|0x0000000743c00000, 0x0000000743cffff0, 0x0000000743d00000| 99%| O|  |TAMS 0x0000000743cffff0, 0x0000000743c00000| Untracked 
|  61|0x0000000743d00000, 0x0000000743dfffe8, 0x0000000743e00000| 99%| O|  |TAMS 0x0000000743dfffe8, 0x0000000743d00000| Untracked 
|  62|0x0000000743e00000, 0x0000000743effff0, 0x0000000743f00000| 99%| O|  |TAMS 0x0000000743effff0, 0x0000000743e00000| Untracked 
|  63|0x0000000743f00000, 0x0000000743fffff8, 0x0000000744000000| 99%| O|  |TAMS 0x0000000743fffff8, 0x0000000743f00000| Untracked 
|  64|0x0000000744000000, 0x00000007440fffd8, 0x0000000744100000| 99%| O|  |TAMS 0x00000007440fffd8, 0x0000000744000000| Untracked 
|  65|0x0000000744100000, 0x0000000744200000, 0x0000000744200000|100%| O|  |TAMS 0x0000000744200000, 0x0000000744100000| Untracked 
|  66|0x0000000744200000, 0x00000007442ffff8, 0x0000000744300000| 99%| O|  |TAMS 0x00000007442ffff8, 0x0000000744200000| Untracked 
|  67|0x0000000744300000, 0x00000007443ffff0, 0x0000000744400000| 99%| O|  |TAMS 0x00000007443ffff0, 0x0000000744300000| Untracked 
|  68|0x0000000744400000, 0x0000000744500000, 0x0000000744500000|100%| O|  |TAMS 0x0000000744500000, 0x0000000744400000| Untracked 
|  69|0x0000000744500000, 0x00000007445ffff0, 0x0000000744600000| 99%| O|  |TAMS 0x00000007445ffff0, 0x0000000744500000| Untracked 
|  70|0x0000000744600000, 0x00000007446df068, 0x0000000744700000| 87%| O|  |TAMS 0x00000007446df068, 0x0000000744600000| Untracked 
|  71|0x0000000744700000, 0x00000007447efd70, 0x0000000744800000| 93%| O|  |TAMS 0x00000007447efd70, 0x0000000744700000| Untracked 
|  72|0x0000000744800000, 0x00000007448ffa78, 0x0000000744900000| 99%| O|  |TAMS 0x00000007448ffa78, 0x0000000744800000| Untracked 
|  73|0x0000000744900000, 0x00000007449dd018, 0x0000000744a00000| 86%| O|  |TAMS 0x00000007449dd018, 0x0000000744900000| Untracked 
|  74|0x0000000744a00000, 0x0000000744a72878, 0x0000000744b00000| 44%| O|  |TAMS 0x0000000744a72878, 0x0000000744a00000| Untracked 
|  75|0x0000000744b00000, 0x0000000744b2a768, 0x0000000744c00000| 16%| O|  |TAMS 0x0000000744b2a768, 0x0000000744b00000| Untracked 
|  76|0x0000000744c00000, 0x0000000744cb0020, 0x0000000744d00000| 68%| O|  |TAMS 0x0000000744cb0020, 0x0000000744c00000| Untracked 
|  77|0x0000000744d00000, 0x0000000744d00000, 0x0000000744e00000|  0%| F|  |TAMS 0x0000000744d00000, 0x0000000744d00000| Untracked 
|  78|0x0000000744e00000, 0x0000000744e00000, 0x0000000744f00000|  0%| F|  |TAMS 0x0000000744e00000, 0x0000000744e00000| Untracked 
|  79|0x0000000744f00000, 0x0000000744f00000, 0x0000000745000000|  0%| F|  |TAMS 0x0000000744f00000, 0x0000000744f00000| Untracked 
|  80|0x0000000745000000, 0x0000000745000000, 0x0000000745100000|  0%| F|  |TAMS 0x0000000745000000, 0x0000000745000000| Untracked 
|  81|0x0000000745100000, 0x0000000745100000, 0x0000000745200000|  0%| F|  |TAMS 0x0000000745100000, 0x0000000745100000| Untracked 
|  82|0x0000000745200000, 0x000000074529c420, 0x0000000745300000| 61%| S|CS|TAMS 0x0000000745200000, 0x0000000745200000| Complete 
|  83|0x0000000745300000, 0x0000000745400000, 0x0000000745400000|100%|HS|  |TAMS 0x0000000745400000, 0x0000000745300000| Complete 
|  84|0x0000000745400000, 0x0000000745500000, 0x0000000745500000|100%|HC|  |TAMS 0x0000000745500000, 0x0000000745400000| Complete 
|  85|0x0000000745500000, 0x0000000745600000, 0x0000000745600000|100%|HC|  |TAMS 0x0000000745600000, 0x0000000745500000| Complete 
|  86|0x0000000745600000, 0x0000000745700000, 0x0000000745700000|100%|HC|  |TAMS 0x0000000745700000, 0x0000000745600000| Complete 
|  87|0x0000000745700000, 0x0000000745800000, 0x0000000745800000|100%|HC|  |TAMS 0x0000000745800000, 0x0000000745700000| Complete 
|  88|0x0000000745800000, 0x0000000745900000, 0x0000000745900000|100%|HC|  |TAMS 0x0000000745900000, 0x0000000745800000| Complete 
|  89|0x0000000745900000, 0x0000000745a00000, 0x0000000745a00000|100%|HC|  |TAMS 0x0000000745a00000, 0x0000000745900000| Complete 
|  90|0x0000000745a00000, 0x0000000745b00000, 0x0000000745b00000|100%|HC|  |TAMS 0x0000000745b00000, 0x0000000745a00000| Complete 
|  91|0x0000000745b00000, 0x0000000745b00000, 0x0000000745c00000|  0%| F|  |TAMS 0x0000000745b00000, 0x0000000745b00000| Untracked 
|  92|0x0000000745c00000, 0x0000000745d00000, 0x0000000745d00000|100%|HS|  |TAMS 0x0000000745d00000, 0x0000000745c00000| Complete 
|  93|0x0000000745d00000, 0x0000000745e00000, 0x0000000745e00000|100%|HC|  |TAMS 0x0000000745e00000, 0x0000000745d00000| Complete 
|  94|0x0000000745e00000, 0x0000000745f00000, 0x0000000745f00000|100%|HC|  |TAMS 0x0000000745f00000, 0x0000000745e00000| Complete 
|  95|0x0000000745f00000, 0x0000000746000000, 0x0000000746000000|100%|HC|  |TAMS 0x0000000746000000, 0x0000000745f00000| Complete 
|  96|0x0000000746000000, 0x0000000746100000, 0x0000000746100000|100%|HC|  |TAMS 0x0000000746100000, 0x0000000746000000| Complete 
|  97|0x0000000746100000, 0x0000000746121140, 0x0000000746200000| 12%| O|  |TAMS 0x0000000746121140, 0x0000000746100000| Untracked 
|  98|0x0000000746200000, 0x0000000746200000, 0x0000000746300000|  0%| F|  |TAMS 0x0000000746200000, 0x0000000746200000| Untracked 
|  99|0x0000000746300000, 0x0000000746300000, 0x0000000746400000|  0%| F|  |TAMS 0x0000000746300000, 0x0000000746300000| Untracked 
| 100|0x0000000746400000, 0x0000000746400000, 0x0000000746500000|  0%| F|  |TAMS 0x0000000746400000, 0x0000000746400000| Untracked 
| 101|0x0000000746500000, 0x0000000746500000, 0x0000000746600000|  0%| F|  |TAMS 0x0000000746500000, 0x0000000746500000| Untracked 
| 102|0x0000000746600000, 0x0000000746600000, 0x0000000746700000|  0%| F|  |TAMS 0x0000000746600000, 0x0000000746600000| Untracked 
| 103|0x0000000746700000, 0x0000000746700000, 0x0000000746800000|  0%| F|  |TAMS 0x0000000746700000, 0x0000000746700000| Untracked 
| 104|0x0000000746800000, 0x0000000746800000, 0x0000000746900000|  0%| F|  |TAMS 0x0000000746800000, 0x0000000746800000| Untracked 
| 105|0x0000000746900000, 0x0000000746900000, 0x0000000746a00000|  0%| F|  |TAMS 0x0000000746900000, 0x0000000746900000| Untracked 
| 106|0x0000000746a00000, 0x0000000746a00000, 0x0000000746b00000|  0%| F|  |TAMS 0x0000000746a00000, 0x0000000746a00000| Untracked 
| 107|0x0000000746b00000, 0x0000000746b00000, 0x0000000746c00000|  0%| F|  |TAMS 0x0000000746b00000, 0x0000000746b00000| Untracked 
| 108|0x0000000746c00000, 0x0000000746c0c4c0, 0x0000000746d00000|  4%| E|  |TAMS 0x0000000746c00000, 0x0000000746c00000| Complete 
| 109|0x0000000746d00000, 0x0000000746e00000, 0x0000000746e00000|100%| E|CS|TAMS 0x0000000746d00000, 0x0000000746d00000| Complete 
| 110|0x0000000746e00000, 0x0000000746f00000, 0x0000000746f00000|100%| E|CS|TAMS 0x0000000746e00000, 0x0000000746e00000| Complete 
| 111|0x0000000746f00000, 0x0000000747000000, 0x0000000747000000|100%| E|CS|TAMS 0x0000000746f00000, 0x0000000746f00000| Complete 
| 112|0x0000000747000000, 0x0000000747100000, 0x0000000747100000|100%| E|CS|TAMS 0x0000000747000000, 0x0000000747000000| Complete 
| 113|0x0000000747100000, 0x0000000747200000, 0x0000000747200000|100%| E|CS|TAMS 0x0000000747100000, 0x0000000747100000| Complete 
| 114|0x0000000747200000, 0x0000000747300000, 0x0000000747300000|100%| E|CS|TAMS 0x0000000747200000, 0x0000000747200000| Complete 
| 115|0x0000000747300000, 0x0000000747400000, 0x0000000747400000|100%| E|CS|TAMS 0x0000000747300000, 0x0000000747300000| Complete 
| 116|0x0000000747400000, 0x0000000747500000, 0x0000000747500000|100%| E|CS|TAMS 0x0000000747400000, 0x0000000747400000| Complete 
| 117|0x0000000747500000, 0x0000000747600000, 0x0000000747600000|100%| E|CS|TAMS 0x0000000747500000, 0x0000000747500000| Complete 
| 118|0x0000000747600000, 0x0000000747700000, 0x0000000747700000|100%| E|CS|TAMS 0x0000000747600000, 0x0000000747600000| Complete 
| 119|0x0000000747700000, 0x0000000747800000, 0x0000000747800000|100%| E|CS|TAMS 0x0000000747700000, 0x0000000747700000| Complete 
| 120|0x0000000747800000, 0x0000000747900000, 0x0000000747900000|100%| E|CS|TAMS 0x0000000747800000, 0x0000000747800000| Complete 
| 121|0x0000000747900000, 0x0000000747a00000, 0x0000000747a00000|100%| E|CS|TAMS 0x0000000747900000, 0x0000000747900000| Complete 
| 122|0x0000000747a00000, 0x0000000747b00000, 0x0000000747b00000|100%| E|CS|TAMS 0x0000000747a00000, 0x0000000747a00000| Complete 
| 123|0x0000000747b00000, 0x0000000747c00000, 0x0000000747c00000|100%| E|CS|TAMS 0x0000000747b00000, 0x0000000747b00000| Complete 
| 124|0x0000000747c00000, 0x0000000747d00000, 0x0000000747d00000|100%| E|CS|TAMS 0x0000000747c00000, 0x0000000747c00000| Complete 
| 125|0x0000000747d00000, 0x0000000747e00000, 0x0000000747e00000|100%| E|CS|TAMS 0x0000000747d00000, 0x0000000747d00000| Complete 
| 126|0x0000000747e00000, 0x0000000747f00000, 0x0000000747f00000|100%| E|CS|TAMS 0x0000000747e00000, 0x0000000747e00000| Complete 
| 127|0x0000000747f00000, 0x0000000748000000, 0x0000000748000000|100%| E|CS|TAMS 0x0000000747f00000, 0x0000000747f00000| Complete 
| 128|0x0000000748000000, 0x0000000748100000, 0x0000000748100000|100%| E|CS|TAMS 0x0000000748000000, 0x0000000748000000| Complete 
| 129|0x0000000748100000, 0x0000000748200000, 0x0000000748200000|100%| E|CS|TAMS 0x0000000748100000, 0x0000000748100000| Complete 
| 130|0x0000000748200000, 0x0000000748300000, 0x0000000748300000|100%| E|CS|TAMS 0x0000000748200000, 0x0000000748200000| Complete 
| 131|0x0000000748300000, 0x0000000748400000, 0x0000000748400000|100%| E|CS|TAMS 0x0000000748300000, 0x0000000748300000| Complete 
| 132|0x0000000748400000, 0x0000000748500000, 0x0000000748500000|100%| E|CS|TAMS 0x0000000748400000, 0x0000000748400000| Complete 
| 133|0x0000000748500000, 0x0000000748600000, 0x0000000748600000|100%| E|CS|TAMS 0x0000000748500000, 0x0000000748500000| Complete 
| 134|0x0000000748600000, 0x0000000748700000, 0x0000000748700000|100%| E|CS|TAMS 0x0000000748600000, 0x0000000748600000| Complete 
| 135|0x0000000748700000, 0x0000000748800000, 0x0000000748800000|100%| E|CS|TAMS 0x0000000748700000, 0x0000000748700000| Complete 
| 136|0x0000000748800000, 0x0000000748900000, 0x0000000748900000|100%| E|CS|TAMS 0x0000000748800000, 0x0000000748800000| Complete 
| 137|0x0000000748900000, 0x0000000748a00000, 0x0000000748a00000|100%| E|CS|TAMS 0x0000000748900000, 0x0000000748900000| Complete 
| 138|0x0000000748a00000, 0x0000000748b00000, 0x0000000748b00000|100%| E|CS|TAMS 0x0000000748a00000, 0x0000000748a00000| Complete 
| 139|0x0000000748b00000, 0x0000000748c00000, 0x0000000748c00000|100%| E|CS|TAMS 0x0000000748b00000, 0x0000000748b00000| Complete 
| 140|0x0000000748c00000, 0x0000000748d00000, 0x0000000748d00000|100%| E|CS|TAMS 0x0000000748c00000, 0x0000000748c00000| Complete 
| 141|0x0000000748d00000, 0x0000000748e00000, 0x0000000748e00000|100%| E|CS|TAMS 0x0000000748d00000, 0x0000000748d00000| Complete 
| 142|0x0000000748e00000, 0x0000000748f00000, 0x0000000748f00000|100%| E|CS|TAMS 0x0000000748e00000, 0x0000000748e00000| Complete 
| 143|0x0000000748f00000, 0x0000000749000000, 0x0000000749000000|100%| E|CS|TAMS 0x0000000748f00000, 0x0000000748f00000| Complete 
| 144|0x0000000749000000, 0x0000000749100000, 0x0000000749100000|100%| E|CS|TAMS 0x0000000749000000, 0x0000000749000000| Complete 
| 145|0x0000000749100000, 0x0000000749200000, 0x0000000749200000|100%| E|CS|TAMS 0x0000000749100000, 0x0000000749100000| Complete 
| 146|0x0000000749200000, 0x0000000749300000, 0x0000000749300000|100%| E|CS|TAMS 0x0000000749200000, 0x0000000749200000| Complete 
| 147|0x0000000749300000, 0x0000000749400000, 0x0000000749400000|100%| E|CS|TAMS 0x0000000749300000, 0x0000000749300000| Complete 
| 148|0x0000000749400000, 0x0000000749500000, 0x0000000749500000|100%| E|CS|TAMS 0x0000000749400000, 0x0000000749400000| Complete 
| 149|0x0000000749500000, 0x0000000749600000, 0x0000000749600000|100%| E|CS|TAMS 0x0000000749500000, 0x0000000749500000| Complete 
| 150|0x0000000749600000, 0x0000000749700000, 0x0000000749700000|100%| E|CS|TAMS 0x0000000749600000, 0x0000000749600000| Complete 
| 151|0x0000000749700000, 0x0000000749800000, 0x0000000749800000|100%| E|CS|TAMS 0x0000000749700000, 0x0000000749700000| Complete 
| 152|0x0000000749800000, 0x0000000749900000, 0x0000000749900000|100%| E|CS|TAMS 0x0000000749800000, 0x0000000749800000| Complete 
| 153|0x0000000749900000, 0x0000000749a00000, 0x0000000749a00000|100%| E|CS|TAMS 0x0000000749900000, 0x0000000749900000| Complete 
| 154|0x0000000749a00000, 0x0000000749b00000, 0x0000000749b00000|100%| E|CS|TAMS 0x0000000749a00000, 0x0000000749a00000| Complete 
| 155|0x0000000749b00000, 0x0000000749c00000, 0x0000000749c00000|100%| E|CS|TAMS 0x0000000749b00000, 0x0000000749b00000| Complete 
| 156|0x0000000749c00000, 0x0000000749d00000, 0x0000000749d00000|100%| E|CS|TAMS 0x0000000749c00000, 0x0000000749c00000| Complete 

Card table byte_map: [0x000002539d3a0000,0x000002539d9a0000] _byte_map_base: 0x00000253999a0000

Marking Bits (Prev, Next): (CMBitMap*) 0x00000253814878f0, (CMBitMap*) 0x00000253814878b8
 Prev Bits: [0x00000253a0fa0000, 0x00000253a3fa0000)
 Next Bits: [0x000002539dfa0000, 0x00000253a0fa0000)

Polling page: 0x00000253810e0000

Metaspace:

Usage:
  Non-class:     81.42 MB capacity,    79.98 MB ( 98%) used,     1.09 MB (  1%) free+waste,   364.56 KB ( <1%) overhead. 
      Class:     13.99 MB capacity,    12.75 MB ( 91%) used,     1.06 MB (  8%) free+waste,   178.69 KB (  1%) overhead. 
       Both:     95.41 MB capacity,    92.73 MB ( 97%) used,     2.15 MB (  2%) free+waste,   543.25 KB ( <1%) overhead. 

Virtual space:
  Non-class space:       82.00 MB reserved,      81.51 MB (>99%) committed 
      Class space:        1.00 GB reserved,      14.00 MB (  1%) committed 
             Both:        1.08 GB reserved,      95.51 MB (  9%) committed 

Chunk freelists:
   Non-Class:  3.00 KB
       Class:  1.75 KB
        Both:  4.75 KB

CodeHeap 'non-profiled nmethods': size=119168Kb used=20339Kb max_used=20339Kb free=98829Kb
 bounds [0x0000025395940000, 0x0000025396d20000, 0x000002539cda0000]
CodeHeap 'profiled nmethods': size=119168Kb used=45315Kb max_used=45315Kb free=73852Kb
 bounds [0x000002538e4e0000, 0x0000025391160000, 0x0000025395940000]
CodeHeap 'non-nmethods': size=7424Kb used=1670Kb max_used=3401Kb free=5754Kb
 bounds [0x000002538dda0000, 0x000002538e120000, 0x000002538e4e0000]
 total_blobs=30795 nmethods=17755 adapters=1131
 compilation: enabled
              stopped_count=0, restarted_count=0
 full_count=0

Compilation events (10 events):
Event: 227.711 Thread 0x0000025381546800 21391       3       ui.utils.h.j.av::b (6 bytes)
Event: 227.712 Thread 0x0000025381546800 nmethod 21391 0x000002539114d990 code [0x000002539114db40, 0x000002539114dcd0]
Event: 227.712 Thread 0x0000025381546800 21392   !   3       com.jidesoft.grid.TreeTableModel::removeRow (68 bytes)
Event: 227.712 Thread 0x0000025381546800 nmethod 21392 0x000002539114dd90 code [0x000002539114dfa0, 0x000002539114e740]
Event: 227.712 Thread 0x0000025381546800 21394       3       com.jidesoft.grid.RootExpandableRow::notifyChildDeleted (88 bytes)
Event: 227.712 Thread 0x0000025381546800 nmethod 21394 0x000002539114ea10 code [0x000002539114ec20, 0x000002539114f650]
Event: 227.712 Thread 0x0000025381546800 21396       3       javax.swing.table.AbstractTableModel::fireTableRowsDeleted (17 bytes)
Event: 227.712 Thread 0x0000025381546800 nmethod 21396 0x000002539114f810 code [0x000002539114fa00, 0x000002539114fe50]
Event: 227.712 Thread 0x0000025381546800 21393       3       com.jidesoft.grid.AbstractExpandable::removeChild (105 bytes)
Event: 227.713 Thread 0x0000025381546800 nmethod 21393 0x000002539114ff90 code [0x0000025391150220, 0x00000253911516f0]

GC Heap History (10 events):
Event: 201.706 GC heap before
{Heap before GC invocations=128 (full 16):
 garbage-first heap   total 160768K, used 150799K [0x0000000740000000, 0x0000000800000000)
  region size 1024K, 60 young (61440K), 1 survivors (1024K)
 Metaspace       used 94688K, capacity 97442K, committed 97544K, reserved 1132544K
  class space    used 13056K, capacity 14322K, committed 14336K, reserved 1048576K
}
Event: 201.707 GC heap after
{Heap after GC invocations=129 (full 16):
 garbage-first heap   total 160768K, used 91183K [0x0000000740000000, 0x0000000800000000)
  region size 1024K, 1 young (1024K), 1 survivors (1024K)
 Metaspace       used 94688K, capacity 97442K, committed 97544K, reserved 1132544K
  class space    used 13056K, capacity 14322K, committed 14336K, reserved 1048576K
}
Event: 203.756 GC heap before
{Heap before GC invocations=129 (full 16):
 garbage-first heap   total 160768K, used 151599K [0x0000000740000000, 0x0000000800000000)
  region size 1024K, 60 young (61440K), 1 survivors (1024K)
 Metaspace       used 94704K, capacity 97506K, committed 97544K, reserved 1132544K
  class space    used 13056K, capacity 14322K, committed 14336K, reserved 1048576K
}
Event: 203.757 GC heap after
{Heap after GC invocations=130 (full 16):
 garbage-first heap   total 160768K, used 90783K [0x0000000740000000, 0x0000000800000000)
  region size 1024K, 1 young (1024K), 1 survivors (1024K)
 Metaspace       used 94704K, capacity 97506K, committed 97544K, reserved 1132544K
  class space    used 13056K, capacity 14322K, committed 14336K, reserved 1048576K
}
Event: 218.841 GC heap before
{Heap before GC invocations=131 (full 16):
 garbage-first heap   total 160768K, used 151199K [0x0000000740000000, 0x0000000800000000)
  region size 1024K, 60 young (61440K), 1 survivors (1024K)
 Metaspace       used 94761K, capacity 97570K, committed 97800K, reserved 1132544K
  class space    used 13056K, capacity 14322K, committed 14336K, reserved 1048576K
}
Event: 218.842 GC heap after
{Heap after GC invocations=132 (full 16):
 garbage-first heap   total 160768K, used 90729K [0x0000000740000000, 0x0000000800000000)
  region size 1024K, 1 young (1024K), 1 survivors (1024K)
 Metaspace       used 94761K, capacity 97570K, committed 97800K, reserved 1132544K
  class space    used 13056K, capacity 14322K, committed 14336K, reserved 1048576K
}
Event: 220.502 GC heap before
{Heap before GC invocations=132 (full 16):
 garbage-first heap   total 160768K, used 151145K [0x0000000740000000, 0x0000000800000000)
  region size 1024K, 60 young (61440K), 1 survivors (1024K)
 Metaspace       used 94806K, capacity 97570K, committed 97800K, reserved 1132544K
  class space    used 13056K, capacity 14322K, committed 14336K, reserved 1048576K
}
Event: 220.504 GC heap after
{Heap after GC invocations=133 (full 16):
 garbage-first heap   total 160768K, used 90714K [0x0000000740000000, 0x0000000800000000)
  region size 1024K, 1 young (1024K), 1 survivors (1024K)
 Metaspace       used 94806K, capacity 97570K, committed 97800K, reserved 1132544K
  class space    used 13056K, capacity 14322K, committed 14336K, reserved 1048576K
}
Event: 221.727 GC heap before
{Heap before GC invocations=134 (full 16):
 garbage-first heap   total 160768K, used 151130K [0x0000000740000000, 0x0000000800000000)
  region size 1024K, 60 young (61440K), 1 survivors (1024K)
 Metaspace       used 94837K, capacity 97634K, committed 97800K, reserved 1132544K
  class space    used 13056K, capacity 14322K, committed 14336K, reserved 1048576K
}
Event: 221.728 GC heap after
{Heap after GC invocations=135 (full 16):
 garbage-first heap   total 160768K, used 90814K [0x0000000740000000, 0x0000000800000000)
  region size 1024K, 1 young (1024K), 1 survivors (1024K)
 Metaspace       used 94837K, capacity 97634K, committed 97800K, reserved 1132544K
  class space    used 13056K, capacity 14322K, committed 14336K, reserved 1048576K
}

Deoptimization events (10 events):
Event: 201.170 Thread 0x0000025380a71000 Uncommon trap: reason=bimorphic_or_optimized_type_check action=maybe_recompile pc=0x0000025395de5ee4 method=java.lang.StringCoding$StringDecoder.charsetName()Ljava/lang/String; @ 17 c2
Event: 201.710 Thread 0x0000025380a71000 Uncommon trap: reason=bimorphic_or_optimized_type_check action=maybe_recompile pc=0x0000025396c328f4 method=ui.frmwork.cmd.a.hsQ()Z @ 14 c2
Event: 201.710 Thread 0x0000025380a71000 Uncommon trap: reason=bimorphic_or_optimized_type_check action=maybe_recompile pc=0x0000025396c328f4 method=ui.frmwork.cmd.a.hsQ()Z @ 14 c2
Event: 201.710 Thread 0x0000025380a71000 Uncommon trap: reason=bimorphic_or_optimized_type_check action=maybe_recompile pc=0x0000025396c328f4 method=ui.frmwork.cmd.a.hsQ()Z @ 14 c2
Event: 201.710 Thread 0x0000025380a71000 Uncommon trap: reason=bimorphic_or_optimized_type_check action=maybe_recompile pc=0x0000025396c328f4 method=ui.frmwork.cmd.a.hsQ()Z @ 14 c2
Event: 203.767 Thread 0x0000025380a71000 Uncommon trap: reason=class_check action=maybe_recompile pc=0x0000025395c7ee0c method=java.util.HashMap.removeNode(ILjava/lang/Object;Ljava/lang/Object;ZZ)Ljava/util/HashMap$Node; @ 68 c2
Event: 220.711 Thread 0x0000025380a71000 Uncommon trap: reason=unstable_if action=reinterpret pc=0x0000025396b92910 method=sun.java2d.marlin.DStroker.closePath()V @ 5 c2
Event: 220.711 Thread 0x0000025380a71000 Uncommon trap: reason=unstable_if action=reinterpret pc=0x00000253961d6558 method=sun.java2d.marlin.DHelpers$PolyStack.popAll(Lsun/java2d/marlin/DPathConsumer2D;)V @ 6 c2
Event: 223.446 Thread 0x0000025380a71000 Uncommon trap: reason=class_check action=maybe_recompile pc=0x0000025395fa8ba4 method=javax.swing.AbstractButton.setEnabled(Z)V @ 21 c2
Event: 224.505 Thread 0x0000025380a71000 Uncommon trap: reason=class_check action=maybe_recompile pc=0x0000025395f5c478 method=javax.swing.plaf.synth.ParsedSynthStyle$DelegatingPainter.paintPanelBackground(Ljavax/swing/plaf/synth/SynthContext;Ljava/awt/Graphics;IIII)V @ 16 c2

Classes redefined (0 events):
No events

Internal exceptions (10 events):
Event: 206.170 Thread 0x0000025380a71000 Exception <a 'java/io/FileNotFoundException'{0x00000007483416f8}> (0x00000007483416f8) thrown at [t:/workspace/open/src/hotspot/share/prims/jni.cpp, line 615]
Event: 206.203 Thread 0x0000025380a71000 Exception <a 'java/io/FileNotFoundException'{0x0000000748342168}> (0x0000000748342168) thrown at [t:/workspace/open/src/hotspot/share/prims/jni.cpp, line 615]
Event: 211.171 Thread 0x0000025380a71000 Exception <a 'java/io/FileNotFoundException'{0x0000000747544698}> (0x0000000747544698) thrown at [t:/workspace/open/src/hotspot/share/prims/jni.cpp, line 615]
Event: 211.203 Thread 0x0000025380a71000 Exception <a 'java/io/FileNotFoundException'{0x00000007475464f0}> (0x00000007475464f0) thrown at [t:/workspace/open/src/hotspot/share/prims/jni.cpp, line 615]
Event: 216.172 Thread 0x0000025380a71000 Exception <a 'java/io/FileNotFoundException'{0x0000000746721000}> (0x0000000746721000) thrown at [t:/workspace/open/src/hotspot/share/prims/jni.cpp, line 615]
Event: 216.203 Thread 0x0000025380a71000 Exception <a 'java/io/FileNotFoundException'{0x000000074674f458}> (0x000000074674f458) thrown at [t:/workspace/open/src/hotspot/share/prims/jni.cpp, line 615]
Event: 221.172 Thread 0x0000025380a71000 Exception <a 'java/io/FileNotFoundException'{0x00000007471c0ce0}> (0x00000007471c0ce0) thrown at [t:/workspace/open/src/hotspot/share/prims/jni.cpp, line 615]
Event: 221.205 Thread 0x0000025380a71000 Exception <a 'java/io/FileNotFoundException'{0x00000007471c1750}> (0x00000007471c1750) thrown at [t:/workspace/open/src/hotspot/share/prims/jni.cpp, line 615]
Event: 226.172 Thread 0x0000025380a71000 Exception <a 'java/io/FileNotFoundException'{0x0000000746fd0790}> (0x0000000746fd0790) thrown at [t:/workspace/open/src/hotspot/share/prims/jni.cpp, line 615]
Event: 226.206 Thread 0x0000025380a71000 Exception <a 'java/io/FileNotFoundException'{0x0000000746fd5c68}> (0x0000000746fd5c68) thrown at [t:/workspace/open/src/hotspot/share/prims/jni.cpp, line 615]

Events (10 events):
Event: 224.505 Thread 0x0000025380a71000 DEOPT PACKING pc=0x0000025395f5c478 sp=0x000000d57b9f4f00
Event: 224.505 Thread 0x0000025380a71000 DEOPT UNPACKING pc=0x000002538ddc91af sp=0x000000d57b9f4e30 mode 2
Event: 224.705 Thread 0x00000253b5bf2000 Thread added: 0x00000253b5bf2000
Event: 224.707 Thread 0x00000253b5bf2000 Thread exited: 0x00000253b5bf2000
Event: 225.705 Thread 0x00000253b5bf1800 Thread added: 0x00000253b5bf1800
Event: 225.708 Thread 0x00000253b5bf1800 Thread exited: 0x00000253b5bf1800
Event: 226.706 Thread 0x00000253b5bf2000 Thread added: 0x00000253b5bf2000
Event: 226.708 Thread 0x00000253b5bf2000 Thread exited: 0x00000253b5bf2000
Event: 227.708 Thread 0x00000253b5bf1800 Thread added: 0x00000253b5bf1800
Event: 227.710 Thread 0x00000253b5bf1800 Thread exited: 0x00000253b5bf1800


Dynamic libraries:
0x00007ff6556e0000 - 0x00007ff65570f000 	H:\Software\Xilinx\Vivado\2020.2\bin\unwrapped\win64.o\vivado.exe
0x00007ffee9850000 - 0x00007ffee9a45000 	C:\Windows\SYSTEM32\ntdll.dll
0x00007ffee8e10000 - 0x00007ffee8ecd000 	C:\Windows\System32\KERNEL32.DLL
0x00007ffee70c0000 - 0x00007ffee7388000 	C:\Windows\System32\KERNELBASE.dll
0x00007ffee7470000 - 0x00007ffee7570000 	C:\Windows\System32\ucrtbase.dll
0x00007ffed1d40000 - 0x00007ffed1dd2000 	C:\Windows\SYSTEM32\MSVCP140.dll
0x00007ffed2100000 - 0x00007ffed2119000 	C:\Windows\SYSTEM32\VCRUNTIME140.dll
0x00007ffee2bb0000 - 0x00007ffee2bbc000 	C:\Windows\SYSTEM32\VCRUNTIME140_1.dll
0x00007ffed2a00000 - 0x00007ffed2a13000 	H:\Software\Xilinx\Vivado\2020.2\lib\win64.o\libboost_signals.dll
0x00007ffed29e0000 - 0x00007ffed29f8000 	H:\Software\Xilinx\Vivado\2020.2\lib\win64.o\librdi_commonmain.dll
0x00007ffe49b60000 - 0x00007ffe49b82000 	H:\Software\Xilinx\Vivado\2020.2\lib\win64.o\libboost_filesystem.dll
0x00007ffee7de0000 - 0x00007ffee7e8c000 	C:\Windows\System32\ADVAPI32.dll
0x00007ffee83b0000 - 0x00007ffee844e000 	C:\Windows\System32\msvcrt.dll
0x00007ffee8300000 - 0x00007ffee839b000 	C:\Windows\System32\sechost.dll
0x00007ffee8920000 - 0x00007ffee8a4b000 	C:\Windows\System32\RPCRT4.dll
0x00007ffed2780000 - 0x00007ffed2789000 	H:\Software\Xilinx\Vivado\2020.2\lib\win64.o\librdi_commonversion.dll
0x00000000509a0000 - 0x0000000050acb000 	H:\Software\Xilinx\Vivado\2020.2\lib\win64.o\tcl85t.dll
0x00007ffee8780000 - 0x00007ffee8920000 	C:\Windows\System32\USER32.dll
0x00007ffee6f90000 - 0x00007ffee6fb2000 	C:\Windows\System32\win32u.dll
0x00007ffee8ed0000 - 0x00007ffee8efa000 	C:\Windows\System32\GDI32.dll
0x00007ffee75a0000 - 0x00007ffee76ab000 	C:\Windows\System32\gdi32full.dll
0x00007ffee76b0000 - 0x00007ffee774d000 	C:\Windows\System32\msvcp_win.dll
0x00007ffee8630000 - 0x00007ffee869b000 	C:\Windows\System32\WS2_32.dll
0x00007ffe499c0000 - 0x00007ffe49b59000 	H:\Software\Xilinx\Vivado\2020.2\lib\win64.o\librdi_commonxillic.dll
0x00007ffee7570000 - 0x00007ffee7597000 	C:\Windows\System32\bcrypt.dll
0x00007ffed2770000 - 0x00007ffed2779000 	H:\Software\Xilinx\Vivado\2020.2\lib\win64.o\libboost_system.dll
0x00007ffe48840000 - 0x00007ffe499b7000 	H:\Software\Xilinx\Vivado\2020.2\lib\win64.o\librdi_common.dll
0x00007ffe48560000 - 0x00007ffe4883b000 	H:\Software\Xilinx\Vivado\2020.2\lib\win64.o\libXil_lmgr11.dll
0x00007ffee8b90000 - 0x00007ffee8c6a000 	C:\Windows\System32\COMDLG32.dll
0x00007ffee78b0000 - 0x00007ffee7c05000 	C:\Windows\System32\combase.dll
0x00007ffee7d30000 - 0x00007ffee7dde000 	C:\Windows\System32\shcore.dll
0x00007ffee97b0000 - 0x00007ffee9805000 	C:\Windows\System32\SHLWAPI.dll
0x00007ffee8f00000 - 0x00007ffee9642000 	C:\Windows\System32\SHELL32.dll
0x00007ffee9680000 - 0x00007ffee974d000 	C:\Windows\System32\OLEAUT32.dll
0x00007ffee8cd0000 - 0x00007ffee8dfa000 	C:\Windows\System32\ole32.dll
0x00007ffee7390000 - 0x00007ffee73f0000 	C:\Windows\System32\WINTRUST.dll
0x00007ffee7750000 - 0x00007ffee78af000 	C:\Windows\System32\CRYPT32.dll
0x00007ffe48440000 - 0x00007ffe48551000 	H:\Software\Xilinx\Vivado\2020.2\lib\win64.o\libboost_regex.dll
0x00007ffede950000 - 0x00007ffede968000 	C:\Windows\SYSTEM32\NETAPI32.dll
0x00007ffec1d50000 - 0x00007ffec1e00000 	C:\Windows\WinSxS\amd64_microsoft.windows.common-controls_6595b64144ccf1df_5.82.19041.844_none_423537bff6b9828c\COMCTL32.dll
0x00007ffecf790000 - 0x00007ffecf799000 	C:\Windows\SYSTEM32\WSOCK32.dll
0x00007ffee19e0000 - 0x00007ffee19fd000 	C:\Windows\SYSTEM32\dhcpcsvc.DLL
0x00007ffed2020000 - 0x00007ffed2030000 	H:\Software\Xilinx\Vivado\2020.2\lib\win64.o\libboost_date_time.dll
0x00007ffe480d0000 - 0x00007ffe4843e000 	H:\Software\Xilinx\Vivado\2020.2\lib\win64.o\libCOIN-all.dll
0x00007ffe472d0000 - 0x00007ffe480c2600 	H:\Software\Xilinx\Vivado\2020.2\lib\win64.o\libisl_iostreams.dll
0x00007ffe47250000 - 0x00007ffe472c3000 	H:\Software\Xilinx\Vivado\2020.2\lib\win64.o\libboost_program_options.dll
0x00007ffed2010000 - 0x00007ffed201c000 	H:\Software\Xilinx\Vivado\2020.2\lib\win64.o\libboost_xilinx.dll
0x00007ffe471c0000 - 0x00007ffe47242000 	H:\Software\Xilinx\Vivado\2020.2\lib\win64.o\libhdlpsolve.dll
0x00007ffe470f0000 - 0x00007ffe4710e000 	H:\Software\Xilinx\Vivado\2020.2\lib\win64.o\libboost_thread.dll
0x00007ffe47110000 - 0x00007ffe471b5000 	H:\Software\Xilinx\Vivado\2020.2\lib\win64.o\libhdxml.dll
0x00007ffe470c0000 - 0x00007ffe470e8000 	H:\Software\Xilinx\Vivado\2020.2\lib\win64.o\libisl_sysinfo.dll
0x00007ffe470a0000 - 0x00007ffe470bc000 	H:\Software\Xilinx\Vivado\2020.2\lib\win64.o\librdiconfig.dll
0x00007ffe47030000 - 0x00007ffe47095000 	H:\Software\Xilinx\Vivado\2020.2\lib\win64.o\liblmx6.0.dll
0x00007ffe47010000 - 0x00007ffe4702a000 	H:\Software\Xilinx\Vivado\2020.2\lib\win64.o\pthreadVC2.dll
0x00007ffec3c70000 - 0x00007ffec414d000 	C:\Windows\SYSTEM32\WININET.dll
0x00007ffed5eb0000 - 0x00007ffed5fbb000 	C:\Windows\SYSTEM32\WINHTTP.dll
0x00007ffed5240000 - 0x00007ffed542e000 	C:\Windows\SYSTEM32\urlmon.dll
0x00007ffe46fe0000 - 0x00007ffe47001000 	H:\Software\Xilinx\Vivado\2020.2\lib\win64.o\librdizlib.dll
0x00007ffe46fb0000 - 0x00007ffe46fdd000 	C:\Windows\SYSTEM32\VCOMP140.DLL
0x0000000012000000 - 0x0000000012270000 	H:\Software\Xilinx\Vivado\2020.2\lib\win64.o\xerces-c_3_1.dll
0x00007ffe45070000 - 0x00007ffe45086000 	H:\Software\Xilinx\Vivado\2020.2\lib\win64.o\libboost_iostreams.dll
0x00007ffe45040000 - 0x00007ffe45063000 	H:\Software\Xilinx\Vivado\2020.2\lib\win64.o\libisl_iosutils.dll
0x00007ffec0460000 - 0x00007ffec046c000 	H:\Software\Xilinx\Vivado\2020.2\lib\win64.o\libboost_chrono.dll
0x00007ffed5c00000 - 0x00007ffed5eb0000 	C:\Windows\SYSTEM32\iertutil.dll
0x00007ffe45090000 - 0x00007ffe46fa7000 	H:\Software\Xilinx\Vivado\2020.2\lib\win64.o\gurobi90.dll
0x00007ffee9750000 - 0x00007ffee97a6000 	C:\Windows\System32\WLDAP32.dll
0x00007ffee8450000 - 0x00007ffee8458000 	C:\Windows\System32\Normaliz.dll
0x00007ffee6520000 - 0x00007ffee652c000 	C:\Windows\SYSTEM32\NETUTILS.DLL
0x00007ffee6770000 - 0x00007ffee67da000 	C:\Windows\SYSTEM32\MSWSOCK.DLL
0x00007ffee9650000 - 0x00007ffee9680000 	C:\Windows\System32\IMM32.DLL
0x00007ffee6b80000 - 0x00007ffee6b92000 	C:\Windows\SYSTEM32\MSASN1.dll
0x00007ffee4ef0000 - 0x00007ffee4f02000 	C:\Windows\SYSTEM32\kernel.appcore.dll
0x00007ffe44b10000 - 0x00007ffe45032000 	H:\Software\Xilinx\Vivado\2020.2\lib\win64.o\librdi_commontasks.dll
0x00007ffee06e0000 - 0x00007ffee06ea000 	C:\Windows\SYSTEM32\VERSION.dll
0x00007ffe43fe0000 - 0x00007ffe44b03000 	H:\Software\Xilinx\Vivado\2020.2\tps\win64\jre11.0.2\bin\server\jvm.dll
0x00007ffe43d00000 - 0x00007ffe43fd5000 	H:\Software\Xilinx\Vivado\2020.2\lib\win64.o\librdi_sio.dll
0x00007ffee6410000 - 0x00007ffee644b000 	C:\Windows\SYSTEM32\IPHLPAPI.DLL
0x00007ffee8e00000 - 0x00007ffee8e08000 	C:\Windows\System32\PSAPI.DLL
0x00007ffed5bd0000 - 0x00007ffed5bf7000 	C:\Windows\SYSTEM32\WINMM.dll
0x00007ffee50f0000 - 0x00007ffee5881000 	C:\Windows\SYSTEM32\windows.storage.dll
0x00007ffee6a00000 - 0x00007ffee6a2c000 	C:\Windows\SYSTEM32\Wldp.dll
0x00007ffe41240000 - 0x00007ffe43cfe000 	H:\Software\Xilinx\Vivado\2020.2\lib\win64.o\librdi_tcltasks.dll
0x00007ffe40d90000 - 0x00007ffe41236000 	H:\Software\Xilinx\Vivado\2020.2\lib\win64.o\librdi_bitstream.dll
0x00007ffed16f0000 - 0x00007ffed18a3000 	H:\Software\Xilinx\Vivado\2020.2\lib\win64.o\librdi_board.dll
0x00007ffe40ba0000 - 0x00007ffe40d8a000 	H:\Software\Xilinx\Vivado\2020.2\lib\win64.o\librdi_chipscopeimpl.dll
0x00007ffe40aa0000 - 0x00007ffe40b96000 	H:\Software\Xilinx\Vivado\2020.2\lib\win64.o\librdi_chipscope.dll
0x00007ffe40930000 - 0x00007ffe40a91000 	H:\Software\Xilinx\Vivado\2020.2\lib\win64.o\librdi_containers.dll
0x00007ffed2ab0000 - 0x00007ffed2b2e000 	H:\Software\Xilinx\Vivado\2020.2\lib\win64.o\librdi_boarddep.dll
0x00007ffe3eb00000 - 0x00007ffe4092c000 	H:\Software\Xilinx\Vivado\2020.2\lib\win64.o\librdi_constraints.dll
0x00007ffe3c020000 - 0x00007ffe3c738000 	H:\Software\Xilinx\Vivado\2020.2\lib\win64.o\librdi_coregenipxact.dll
0x00007ffe3c740000 - 0x00007ffe3eafd000 	H:\Software\Xilinx\Vivado\2020.2\lib\win64.o\librdi_coregen.dll
0x00007ffe39f40000 - 0x00007ffe3a2a8000 	H:\Software\Xilinx\Vivado\2020.2\lib\win64.o\librdi_dlyest.dll
0x00007ffe3a2b0000 - 0x00007ffe3c011000 	H:\Software\Xilinx\Vivado\2020.2\lib\win64.o\librdi_designutils.dll
0x00007ffe218a0000 - 0x00007ffe21953000 	H:\Software\Xilinx\Vivado\2020.2\lib\win64.o\librdi_dsp.dll
0x00007ffe21240000 - 0x00007ffe2189d000 	H:\Software\Xilinx\Vivado\2020.2\lib\win64.o\librdi_drc.dll
0x00007ffe21960000 - 0x00007ffe39f3f000 	H:\Software\Xilinx\Vivado\2020.2\lib\win64.o\librdi_device.dll
0x00007ffe20f20000 - 0x00007ffe2123d000 	H:\Software\Xilinx\Vivado\2020.2\lib\win64.o\librdi_guitools.dll
0x00007ffe20850000 - 0x00007ffe20f12000 	H:\Software\Xilinx\Vivado\2020.2\lib\win64.o\librdi_filemgmt.dll
0x00007ffed2a40000 - 0x00007ffed2aab000 	H:\Software\Xilinx\Vivado\2020.2\lib\win64.o\librdi_hdf.dll
0x00007ffe205d0000 - 0x00007ffe20847000 	H:\Software\Xilinx\Vivado\2020.2\lib\win64.o\librdi_hip_devdesign.dll
0x00007ffe20480000 - 0x00007ffe205c7000 	H:\Software\Xilinx\Vivado\2020.2\lib\win64.o\librdi_hip_perf_analysis.dll
0x00007ffe1fe30000 - 0x00007ffe2047c000 	H:\Software\Xilinx\Vivado\2020.2\lib\win64.o\librdi_memdata.dll
0x00007ffec6600000 - 0x00007ffec6672000 	H:\Software\Xilinx\Vivado\2020.2\lib\win64.o\librdi_memoryarray.dll
0x00007ffe1f700000 - 0x00007ffe1fe2c000 	H:\Software\Xilinx\Vivado\2020.2\lib\win64.o\librdi_netlist.dll
0x00007ffe1dac0000 - 0x00007ffe1db14000 	H:\Software\Xilinx\Vivado\2020.2\lib\win64.o\librdi_pfi.dll
0x00007ffe1db20000 - 0x00007ffe1f6f4000 	H:\Software\Xilinx\Vivado\2020.2\lib\win64.o\librdi_implflow.dll
0x00007ffe180c0000 - 0x00007ffe1845e000 	H:\Software\Xilinx\Vivado\2020.2\lib\win64.o\librdi_platform.dll
0x00007ffe178a0000 - 0x00007ffe180b7000 	H:\Software\Xilinx\Vivado\2020.2\lib\win64.o\librdi_power.dll
0x00007ffe18460000 - 0x00007ffe1b667000 	H:\Software\Xilinx\Vivado\2020.2\lib\win64.o\librdi_place.dll
0x00007ffe1b670000 - 0x00007ffe1dab4000 	H:\Software\Xilinx\Vivado\2020.2\lib\win64.o\librdi_mig.dll
0x00007ffe17220000 - 0x00007ffe17894000 	H:\Software\Xilinx\Vivado\2020.2\lib\win64.o\librdi_project.dll
0x00007ffe16a10000 - 0x00007ffe1721c000 	H:\Software\Xilinx\Vivado\2020.2\lib\win64.o\librdi_rsb.dll
0x00007ffe162e0000 - 0x00007ffe16a02000 	H:\Software\Xilinx\Vivado\2020.2\lib\win64.o\librdi_psta.dll
0x00007ffe161d0000 - 0x00007ffe162d9000 	H:\Software\Xilinx\Vivado\2020.2\lib\win64.o\librdi_runsbase.dll
0x00007ffe15f50000 - 0x00007ffe161c4000 	H:\Software\Xilinx\Vivado\2020.2\lib\win64.o\librdi_simdata.dll
0x00007ffe15a20000 - 0x00007ffe15f4b000 	H:\Software\Xilinx\Vivado\2020.2\lib\win64.o\librdi_runs.dll
0x00007ffe15900000 - 0x00007ffe15a16000 	H:\Software\Xilinx\Vivado\2020.2\lib\win64.o\librdi_xhub.dll
0x00007ffe14970000 - 0x00007ffe158f1000 	H:\Software\Xilinx\Vivado\2020.2\lib\win64.o\librdi_timing.dll
0x00007ffe148c0000 - 0x00007ffe14967000 	H:\Software\Xilinx\Vivado\2020.2\lib\win64.o\librdi_xhubtasks.dll
0x00007ffe14870000 - 0x00007ffe148b7000 	H:\Software\Xilinx\Vivado\2020.2\lib\win64.o\libboost_serialization.dll
0x00007ffe14610000 - 0x00007ffe147fb000 	H:\Software\Xilinx\Vivado\2020.2\lib\win64.o\librdi_advchipscopeimpl.dll
0x00007ffe14800000 - 0x00007ffe1486a000 	H:\Software\Xilinx\Vivado\2020.2\lib\win64.o\librdi_noc_frameworks.dll
0x00007ffe14400000 - 0x00007ffe144c6000 	H:\Software\Xilinx\Vivado\2020.2\lib\win64.o\librdi_bda.dll
0x00007ffe144d0000 - 0x00007ffe14516000 	H:\Software\Xilinx\Vivado\2020.2\lib\win64.o\libboost_graph.dll
0x00007ffe14520000 - 0x00007ffe1460b000 	H:\Software\Xilinx\Vivado\2020.2\lib\win64.o\librdi_ipconfig_readwrite.dll
0x00007ffe13800000 - 0x00007ffe1389e000 	H:\Software\Xilinx\Vivado\2020.2\lib\win64.o\libise.dll
0x00007ffe13040000 - 0x00007ffe13087000 	H:\Software\Xilinx\Vivado\2020.2\lib\win64.o\librdi_wavedata_SimpleApi.dll
0x00007ffe13090000 - 0x00007ffe137f7000 	H:\Software\Xilinx\Vivado\2020.2\lib\win64.o\librdi_ippcw.dll

dbghelp: loaded successfully - version: 4.0.5 - missing functions: none
symbol engine: initialized successfully - sym options: 0x614 - pdb path: .;H:\Software\Xilinx\Vivado\2020.2\bin\unwrapped\win64.o;C:\Windows\SYSTEM32;H:\Software\Xilinx\Vivado\2020.2\lib\win64.o;C:\Windows\WinSxS\amd64_microsoft.windows.common-controls_6595b64144ccf1df_5.82.19041.844_none_423537bff6b9828c;H:\Software\Xilinx\Vivado\2020.2\tps\win64\jre11.0.2\bin\server;H:\Software\Xilinx\Vivado\2020.2\tps\win64\python-3.8.3;H:\Software\Xilinx\Vivado\2020.2\tps\win64\jre11.0.2\bin;C:\Windows\WinSxS\amd64_microsoft.windows.common-controls_6595b64144ccf1df_6.0.19041.844_none_ca00b6081b84eb1d;C:\Program Files (x86)\Samsung\Easy Printer Manager\SmartScreenPrint

VM Arguments:
jvm_args: -Dsun.java2d.pmoffscreen=false -Dhttps.protocols=TLSv1,TLSv1.1,TLSv1.2 -Dsun.java2d.xrender=false -Dsun.java2d.d3d=false -Dsun.awt.nopixfmt=true -Dsun.java2d.dpiaware=true -Dsun.java2d.uiScale.enabled=false -Xverify:none -Dswing.aatext=true -XX:-UsePerfData -Djdk.map.althashing.threshold=512 -XX:StringTableSize=4072 --add-opens=java.base/java.nio=ALL-UNNAMED --add-opens=java.desktop/sun.swing=ALL-UNNAMED --add-opens=java.desktop/javax.swing=ALL-UNNAMED --add-opens=java.desktop/javax.swing.tree=ALL-UNNAMED --add-opens=java.desktop/javax.swing.plaf.basic=ALL-UNNAMED --add-opens=java.desktop/javax.swing.plaf.synth=ALL-UNNAMED --add-opens=java.desktop/com.sun.awt=ALL-UNNAMED -XX:NewSize=60m -XX:MaxNewSize=60m -Xms128m -Xmx3072m -Xss5m 
java_command: <unknown>
java_class_path (initial): H:/Software/Xilinx/Vivado/2020.2\lib\classes\alloy.jar;H:/Software/Xilinx/Vivado/2020.2\lib\classes\ArchiveSummary.jar;H:/Software/Xilinx/Vivado/2020.2\lib\classes\autoesl-models.jar;H:/Software/Xilinx/Vivado/2020.2\lib\classes\autopilot.scelaborator.jar;H:/Software/Xilinx/Vivado/2020.2\lib\classes\autopilot.sourceprocessor.jar;H:/Software/Xilinx/Vivado/2020.2\lib\classes\autopilot.tbprocessor.jar;H:/Software/Xilinx/Vivado/2020.2\lib\classes\batik-anim.jar;H:/Software/Xilinx/Vivado/2020.2\lib\classes\batik-awt-util.jar;H:/Software/Xilinx/Vivado/2020.2\lib\classes\batik-bridge.jar;H:/Software/Xilinx/Vivado/2020.2\lib\classes\batik-codec.jar;H:/Software/Xilinx/Vivado/2020.2\lib\classes\batik-css.jar;H:/Software/Xilinx/Vivado/2020.2\lib\classes\batik-dom.jar;H:/Software/Xilinx/Vivado/2020.2\lib\classes\batik-ext.jar;H:/Software/Xilinx/Vivado/2020.2\lib\classes\batik-gui-util.jar;H:/Software/Xilinx/Vivado/2020.2\lib\classes\batik-gvt.jar;H:/Software/Xilinx/Vivado/2020.2\lib\classes\batik-parser.jar;H:/Software/Xilinx/Vivado/2020.2\lib\classes\batik-script.jar;H:/Software/Xilinx/Vivado/2020.2\lib\classes\batik-svg-dom.jar;H:/Software/Xilinx/Vivado/2020.2\lib\classes\batik-swing.jar;H:/Software/Xilinx/Vivado/2020.2\lib\classes\batik-transcoder.jar;H:/Software/Xilinx/Vivado/2020.2\lib\classes\batik-util.jar;H:/Software/Xilinx/Vivado/2020.2\lib\classes\batik-xml.jar;H:/Software/Xilinx/Vivado/2020.2\lib\classes\com.google.gson_2.8.2.v20180104-1110.jar;H:/Software/Xilinx/Vivado/2020.2\lib\classes\com.google.guava_27.1.0.v20190517-1946.jar;H:/Software/Xilinx/Vivado/2020.2\lib\classes\com.ibm.icu_4.4.2.v20110208.jar;H:/Software/Xilinx/Vivado/2020.2\lib\classes\com.sigasi.hdt.connection_4.9.0.202009050929.jar;H:/Software/Xilinx/Vivado/2020.2\lib\classes\com.sigasi.hdt.epl_4.9.0.202009050929.jar;H:/Software/Xilinx/Vivado/2020.2\lib\classes\com.sigasi.hdt.project_4.9.0.202009050929.jar;H:/Software/Xilinx/Vivado/2020.2\lib\classes\com.sigasi.hdt.readonl
Launcher Type: generic

[Global flags]
     bool BytecodeVerificationLocal                = false                                     {product} {command line}
     bool BytecodeVerificationRemote               = false                                     {product} {command line}
     intx CICompilerCount                          = 12                                        {product} {ergonomic}
     uint ConcGCThreads                            = 3                                         {product} {ergonomic}
     uint G1ConcRefinementThreads                  = 13                                        {product} {ergonomic}
   size_t G1HeapRegionSize                         = 1048576                                   {product} {ergonomic}
    uintx GCDrainStackTargetSize                   = 64                                        {product} {ergonomic}
   size_t InitialHeapSize                          = 134217728                                 {product} {command line}
   size_t MarkStackSize                            = 4194304                                   {product} {ergonomic}
   size_t MaxHeapSize                              = 3221225472                                {product} {command line}
   size_t MaxNewSize                               = 62914560                                  {product} {command line}
   size_t MinHeapDeltaBytes                        = 1048576                                   {product} {ergonomic}
   size_t NewSize                                  = 62914560                                  {product} {command line}
    uintx NonNMethodCodeHeapSize                   = 7591728                                {pd product} {ergonomic}
    uintx NonProfiledCodeHeapSize                  = 122033256                              {pd product} {ergonomic}
    uintx ProfiledCodeHeapSize                     = 122033256                              {pd product} {ergonomic}
    uintx ReservedCodeCacheSize                    = 251658240                              {pd product} {ergonomic}
     bool SegmentedCodeCache                       = true                                      {product} {ergonomic}
    uintx StringTableSize                          = 4072                                      {product} {command line}
     intx ThreadStackSize                          = 5120                                   {pd product} {command line}
     bool UseCompressedClassPointers               = true                                 {lp64_product} {ergonomic}
     bool UseCompressedOops                        = true                                 {lp64_product} {ergonomic}
     bool UseG1GC                                  = true                                      {product} {ergonomic}
     bool UseLargePagesIndividualAllocation        = false                                  {pd product} {ergonomic}
     bool UsePerfData                              = false                                     {product} {command line}

Logging:
Log output configuration:
 #0: stdout all=warning uptime,level,tags
 #1: stderr all=off uptime,level,tags

Environment Variables:
PATH=H:/Software/Xilinx/Vivado/2020.2/bin;H:/Software/Xilinx/Vivado/2020.2/tps/win64/javafx-sdk-11.0.2/lib;H:/Software/Xilinx/Vivado/2020.2/tps/win64/javafx-sdk-11.0.2/bin;H:/Software/Xilinx/Vivado/2020.2/lib/win64.o;H:/Software/Xilinx/Vivado/2020.2/tps/win64/jre11.0.2/bin/server;H:/Software/Xilinx/Vivado/2020.2/tps/win64/jre11.0.2/bin;H:/Software/Xilinx/Vivado/2020.2/ids_lite/ISE/bin/nt64;H:/Software/Xilinx/Vivado/2020.2/ids_lite/ISE/lib/nt64;H:/Software/Xilinx/Vitis_HLS/2020.2/bin;C:\Program Files\Common Files\Oracle\Java\javapath;H:\Software\VMware\VMware Player\bin\;C:\Windows\system32;C:\Windows;C:\Windows\System32\Wbem;C:\Windows\System32\WindowsPowerShell\v1.0\;C:\Windows\System32\OpenSSH\;C:\Program Files\NVIDIA Corporation\NVIDIA NvDLISR;C:\Program Files (x86)\NVIDIA Corporation\PhysX\Common;C:\Program Files (x86)\MATLAB\R2020b\runtime\win64;C:\Program Files (x86)\MATLAB\R2020b\bin;H:\Software\Git\cmd;C:\Users\Ferfex\AppData\Local\Microsoft\WindowsApps;C:\Users\Ferfex\AppData\Local\atom\bin;H:/Software/Xilinx/Vivado/2020.2\tps\mingw\6.2.0\win64.o\nt\bin;H:/Software/Xilinx/Vivado/2020.2\tps\mingw\6.2.0\win64.o\nt\libexec\gcc\x86_64-w64-mingw32\6.2.0;H:/Software/Xilinx/Vivado/2020.2\tps\win64\python-3.8.3;H:/Software/Xilinx/Vivado/2020.2\tps\win64\python-3.8.3\bin;H:/Software/Xilinx/Vivado/2020.2\tps\win64\python-3.8.3\lib;H:/Software/Xilinx/Vivado/2020.2\tps\win64\python-3.8.3\lib\site-packages
USERNAME=Ferfex
OS=Windows_NT
PROCESSOR_IDENTIFIER=Intel64 Family 6 Model 165 Stepping 5, GenuineIntel



---------------  S Y S T E M  ---------------

OS: Windows 10 , 64 bit Build 19041 (10.0.19041.928)

CPU:total 16 (initial active 16) (8 cores per cpu, 2 threads per core) family 6 model 165 stepping 5, cmov, cx8, fxsr, mmx, sse, sse2, sse3, ssse3, sse4.1, sse4.2, popcnt, avx, avx2, aes, clmul, erms, 3dnowpref, lzcnt, ht, tsc, tscinvbit, bmi1, bmi2, adx, fma

Memory: 4k page, system-wide physical 32685M (20895M free)
TotalPageFile size 37549M (AvailPageFile size 21460M)
current process WorkingSet (physical memory assigned to process): 797M, peak: 943M
current process commit charge ("private bytes"): 802M, peak: 923M

vm_info: OpenJDK 64-Bit Server VM (11.0.2+9) for windows-amd64 JRE (11.0.2+9), built on Jan 18 2019 05:23:22 by "mach5one" with MS VC++ 15.5 (VS2017)

END.
